time="2025-05-12 01:27:20" level=info msg="Starting DataTask"
time="2025-05-12 01:27:20" level=info msg=secret
time="2025-05-12 01:27:20" level=info msg=host
time="2025-05-12 01:27:20" level=info msg="Try connect to pg:postgres://postgres:postgres@localhost:5432/datatask?sslmode=disable"
time="2025-05-12 01:27:20" level=info msg="set up swagger" base_path=/api/v1 version=1
time="2025-05-12 01:27:20" level=info msg="running app" host= port=8080
time="2025-05-12 01:28:16" level=info msg="Starting DataTask"
time="2025-05-12 01:28:16" level=info msg=secret
time="2025-05-12 01:28:16" level=info msg=host
time="2025-05-12 01:28:16" level=info msg="Try connect to pg:postgres://postgres:postgres@localhost:5432/datatask?sslmode=disable"
time="2025-05-12 01:28:16" level=info msg="set up swagger" base_path=/api/v1 version=1
time="2025-05-12 01:28:16" level=info msg="running app" host= port=8080
time="2025-05-12 01:29:03" level=info msg="Starting DataTask"
time="2025-05-12 01:29:03" level=info msg=secret
time="2025-05-12 01:29:03" level=info msg=host
time="2025-05-12 01:29:03" level=info msg="Try connect to pg:postgres://postgres:postgres@localhost:5432/datatask?sslmode=disable"
time="2025-05-12 01:29:03" level=info msg="set up swagger" base_path=/api/v1 version=1
time="2025-05-12 01:29:03" level=info msg="running app" host= port=8080
time="2025-05-12 01:29:10" level=error msg="401 POST /api/v1/kanban/"
time="2025-05-12 01:29:26" level=info msg="200 POST /api/v1/user/create"
time="2025-05-12 01:30:19" level=info msg="201 POST /api/v1/project/"
time="2025-05-12 01:30:31" level=info msg="201 POST /api/v1/kanban/"
time="2025-05-12 01:43:31" level=error msg="400 POST /api/v1/auth/login"
time="2025-05-12 01:43:43" level=error msg="400 POST /api/v1/auth/login"
time="2025-05-12 01:43:52" level=info msg="200 POST /api/v1/auth/login"
