time="2025-05-21 23:58:58" level=info msg="Starting DataTask"
time="2025-05-21 23:58:58" level=info msg=secret
time="2025-05-21 23:58:58" level=info msg=host
time="2025-05-21 23:58:58" level=info msg="Try connect to pg:postgres://postgres:postgres@localhost:5432/datatask?sslmode=disable"
time="2025-05-21 23:58:58" level=info msg="set up swagger" base_path=/api/v1 version=1
time="2025-05-21 23:58:58" level=info msg="running app" host= port=8080
time="2025-05-21 23:59:00" level=info msg="200 POST /api/v1/auth/login"
time="2025-05-21 23:59:00" level=info msg="200 GET /api/v1/user/me"
time="2025-05-21 23:59:00" level=info msg="200 GET /api/v1/user_shared_projects/0"
time="2025-05-21 23:59:00" level=info msg="200 GET /api/v1/user_shared_projects/0"
time="2025-05-21 23:59:00" level=info msg="200 GET /api/v1/user_projects/0"
time="2025-05-21 23:59:00" level=info msg="200 GET /api/v1/user/me"
time="2025-05-21 23:59:00" level=info msg="200 GET /api/v1/user/me"
time="2025-05-21 23:59:00" level=info msg="200 GET /api/v1/user_projects/0"
time="2025-05-21 23:59:00" level=info msg="200 GET /api/v1/user/me"
time="2025-05-21 23:59:00" level=info msg="200 GET /api/v1/user_projects/13"
time="2025-05-21 23:59:00" level=info msg="200 GET /api/v1/user_shared_projects/13"
time="2025-05-21 23:59:00" level=info msg="200 GET /api/v1/user_projects/13"
time="2025-05-21 23:59:00" level=info msg="200 GET /api/v1/user_shared_projects/13"
time="2025-05-21 23:59:00" level=info msg="200 GET /api/v1/user/13/tasks"
time="2025-05-21 23:59:00" level=info msg="200 GET /api/v1/user/13/tasks"
time="2025-05-21 23:59:00" level=info msg="200 GET /api/v1/user_projects/13"
time="2025-05-21 23:59:00" level=info msg="200 GET /api/v1/user_shared_projects/13"
time="2025-05-21 23:59:00" level=info msg="200 GET /api/v1/project_subprojects/9"
time="2025-05-21 23:59:00" level=info msg="200 GET /api/v1/project_subprojects/9"
time="2025-05-21 23:59:00" level=info msg="200 GET /api/v1/project_subprojects/10"
time="2025-05-21 23:59:00" level=info msg="200 GET /api/v1/project_subprojects/13"
time="2025-05-21 23:59:00" level=info msg="200 GET /api/v1/project_subprojects/10"
time="2025-05-21 23:59:00" level=info msg="200 GET /api/v1/project_subprojects/11"
time="2025-05-21 23:59:00" level=info msg="200 GET /api/v1/project_subprojects/9"
time="2025-05-21 23:59:00" level=info msg="200 GET /api/v1/project_subprojects/12"
time="2025-05-21 23:59:00" level=info msg="200 GET /api/v1/project_subprojects/12"
time="2025-05-21 23:59:00" level=info msg="200 GET /api/v1/project_subprojects/13"
time="2025-05-21 23:59:00" level=info msg="200 GET /api/v1/project_subprojects/9"
time="2025-05-21 23:59:00" level=info msg="200 GET /api/v1/project_subprojects/11"
time="2025-05-21 23:59:00" level=info msg="200 GET /api/v1/project_subprojects/10"
time="2025-05-21 23:59:00" level=info msg="200 GET /api/v1/project_subprojects/9"
time="2025-05-21 23:59:00" level=info msg="200 GET /api/v1/project_subprojects/12"
time="2025-05-21 23:59:00" level=info msg="200 GET /api/v1/project_subprojects/9"
time="2025-05-21 23:59:00" level=info msg="200 GET /api/v1/project_subprojects/11"
time="2025-05-21 23:59:00" level=info msg="200 GET /api/v1/project_subprojects/13"
time="2025-05-21 23:59:00" level=info msg="200 GET /api/v1/kanban/project/9"
time="2025-05-21 23:59:00" level=info msg="200 GET /api/v1/kanban/project/9"
time="2025-05-21 23:59:00" level=error msg="404 GET /api/v1/kanban/project/11"
time="2025-05-21 23:59:00" level=error msg="404 GET /api/v1/kanban/project/12"
time="2025-05-21 23:59:00" level=error msg="404 GET /api/v1/kanban/project/12"
time="2025-05-21 23:59:00" level=info msg="200 GET /api/v1/kanban/project/9"
time="2025-05-21 23:59:00" level=error msg="404 GET /api/v1/kanban/project/10"
time="2025-05-21 23:59:00" level=error msg="404 GET /api/v1/kanban/project/10"
time="2025-05-21 23:59:00" level=error msg="404 GET /api/v1/kanban/project/13"
time="2025-05-21 23:59:00" level=info msg="200 GET /api/v1/kanban/project/9"
time="2025-05-21 23:59:00" level=error msg="404 GET /api/v1/kanban/project/13"
time="2025-05-21 23:59:00" level=error msg="404 GET /api/v1/kanban/project/11"
time="2025-05-21 23:59:00" level=info msg="200 GET /api/v1/kanban/project/9"
time="2025-05-21 23:59:00" level=error msg="404 GET /api/v1/kanban/project/13"
time="2025-05-21 23:59:00" level=info msg="200 GET /api/v1/kanban/project/9"
time="2025-05-21 23:59:00" level=error msg="404 GET /api/v1/kanban/project/12"
time="2025-05-21 23:59:00" level=error msg="404 GET /api/v1/kanban/project/10"
time="2025-05-21 23:59:00" level=error msg="404 GET /api/v1/kanban/project/11"
time="2025-05-21 23:59:00" level=info msg="200 GET /api/v1/kanban_tasks/6"
time="2025-05-21 23:59:00" level=info msg="200 GET /api/v1/kanban_tasks/7"
time="2025-05-21 23:59:00" level=info msg="200 GET /api/v1/kanban_tasks/7"
time="2025-05-21 23:59:00" level=info msg="200 GET /api/v1/project_users/11"
time="2025-05-21 23:59:00" level=info msg="200 GET /api/v1/project_users/12"
time="2025-05-21 23:59:00" level=info msg="200 GET /api/v1/kanban_tasks/6"
time="2025-05-21 23:59:00" level=info msg="200 GET /api/v1/kanban_tasks/6"
time="2025-05-21 23:59:00" level=info msg="200 GET /api/v1/kanban_tasks/6"
time="2025-05-21 23:59:00" level=info msg="200 GET /api/v1/kanban_tasks/7"
time="2025-05-21 23:59:00" level=info msg="200 GET /api/v1/kanban_tasks/7"
time="2025-05-21 23:59:00" level=info msg="200 GET /api/v1/project_users/10"
time="2025-05-21 23:59:00" level=info msg="200 GET /api/v1/project_users/12"
time="2025-05-21 23:59:00" level=info msg="200 GET /api/v1/project_users/12"
time="2025-05-21 23:59:00" level=info msg="200 GET /api/v1/project_users/13"
time="2025-05-21 23:59:00" level=info msg="200 GET /api/v1/kanban_tasks/7"
time="2025-05-21 23:59:00" level=info msg="200 GET /api/v1/project_users/13"
time="2025-05-21 23:59:00" level=info msg="200 GET /api/v1/kanban_tasks/6"
time="2025-05-21 23:59:00" level=info msg="200 GET /api/v1/project_users/10"
time="2025-05-21 23:59:00" level=info msg="200 GET /api/v1/kanban_tasks/7"
time="2025-05-21 23:59:00" level=info msg="200 GET /api/v1/kanban_tasks/6"
time="2025-05-21 23:59:00" level=info msg="200 GET /api/v1/project_users/11"
time="2025-05-21 23:59:00" level=info msg="200 GET /api/v1/project_users/11"
time="2025-05-21 23:59:00" level=info msg="200 GET /api/v1/project_users/10"
time="2025-05-21 23:59:00" level=info msg="200 GET /api/v1/project_users/9"
time="2025-05-21 23:59:00" level=info msg="200 GET /api/v1/project_users/9"
time="2025-05-21 23:59:00" level=info msg="200 GET /api/v1/project_users/13"
time="2025-05-21 23:59:00" level=info msg="200 GET /api/v1/project_users/9"
time="2025-05-21 23:59:00" level=info msg="200 GET /api/v1/project_users/9"
time="2025-05-21 23:59:00" level=info msg="200 GET /api/v1/project_users/9"
time="2025-05-21 23:59:00" level=info msg="200 GET /api/v1/project_users/9"
time="2025-05-21 23:59:14" level=info msg="200 GET /api/v1/user/me"
time="2025-05-21 23:59:14" level=info msg="200 GET /api/v1/user/me"
time="2025-05-21 23:59:14" level=info msg="200 GET /api/v1/user_projects/0"
time="2025-05-21 23:59:14" level=info msg="200 GET /api/v1/user_shared_projects/0"
time="2025-05-21 23:59:14" level=info msg="200 GET /api/v1/user_projects/13"
time="2025-05-21 23:59:14" level=info msg="200 GET /api/v1/user_shared_projects/13"
time="2025-05-21 23:59:14" level=info msg="200 GET /api/v1/user_shared_projects/13"
time="2025-05-21 23:59:14" level=info msg="200 GET /api/v1/user_projects/0"
time="2025-05-21 23:59:14" level=info msg="200 GET /api/v1/user_projects/13"
time="2025-05-21 23:59:14" level=info msg="200 GET /api/v1/user_shared_projects/0"
time="2025-05-21 23:59:14" level=info msg="200 GET /api/v1/user/me"
time="2025-05-21 23:59:14" level=info msg="200 GET /api/v1/user/me"
time="2025-05-21 23:59:14" level=info msg="200 GET /api/v1/project_subprojects/12"
time="2025-05-21 23:59:14" level=info msg="200 GET /api/v1/project_subprojects/13"
time="2025-05-21 23:59:14" level=info msg="200 GET /api/v1/project_subprojects/10"
time="2025-05-21 23:59:14" level=info msg="200 GET /api/v1/project_subprojects/11"
time="2025-05-21 23:59:14" level=info msg="200 GET /api/v1/project_subprojects/9"
time="2025-05-21 23:59:14" level=info msg="200 GET /api/v1/project_subprojects/9"
time="2025-05-21 23:59:14" level=info msg="200 GET /api/v1/user/13/tasks"
time="2025-05-21 23:59:14" level=info msg="200 GET /api/v1/user/13/tasks"
time="2025-05-21 23:59:14" level=info msg="200 GET /api/v1/project_subprojects/9"
time="2025-05-21 23:59:14" level=info msg="200 GET /api/v1/project_subprojects/9"
time="2025-05-21 23:59:14" level=info msg="200 GET /api/v1/project_subprojects/12"
time="2025-05-21 23:59:14" level=info msg="200 GET /api/v1/project_subprojects/13"
time="2025-05-21 23:59:14" level=info msg="200 GET /api/v1/user_projects/13"
time="2025-05-21 23:59:14" level=info msg="200 GET /api/v1/user_shared_projects/13"
time="2025-05-21 23:59:14" level=info msg="200 GET /api/v1/project_subprojects/10"
time="2025-05-21 23:59:14" level=info msg="200 GET /api/v1/project_subprojects/11"
time="2025-05-21 23:59:14" level=error msg="404 GET /api/v1/kanban/project/10"
time="2025-05-21 23:59:14" level=error msg="404 GET /api/v1/kanban/project/11"
time="2025-05-21 23:59:14" level=info msg="200 GET /api/v1/kanban/project/9"
time="2025-05-21 23:59:14" level=error msg="404 GET /api/v1/kanban/project/13"
time="2025-05-21 23:59:14" level=info msg="200 GET /api/v1/kanban/project/9"
time="2025-05-21 23:59:14" level=error msg="404 GET /api/v1/kanban/project/12"
time="2025-05-21 23:59:14" level=info msg="200 GET /api/v1/kanban/project/9"
time="2025-05-21 23:59:14" level=error msg="404 GET /api/v1/kanban/project/12"
time="2025-05-21 23:59:14" level=info msg="200 GET /api/v1/project_subprojects/9"
time="2025-05-21 23:59:14" level=info msg="200 GET /api/v1/project_subprojects/11"
time="2025-05-21 23:59:14" level=error msg="404 GET /api/v1/kanban/project/13"
time="2025-05-21 23:59:14" level=info msg="200 GET /api/v1/project_subprojects/12"
time="2025-05-21 23:59:14" level=info msg="200 GET /api/v1/project_subprojects/13"
time="2025-05-21 23:59:14" level=info msg="200 GET /api/v1/kanban/project/9"
time="2025-05-21 23:59:14" level=info msg="200 GET /api/v1/project_subprojects/9"
time="2025-05-21 23:59:14" level=info msg="200 GET /api/v1/project_subprojects/10"
time="2025-05-21 23:59:14" level=info msg="200 GET /api/v1/kanban_tasks/6"
time="2025-05-21 23:59:14" level=info msg="200 GET /api/v1/project_users/11"
time="2025-05-21 23:59:14" level=info msg="200 GET /api/v1/kanban_tasks/7"
time="2025-05-21 23:59:14" level=info msg="200 GET /api/v1/kanban_tasks/6"
time="2025-05-21 23:59:14" level=info msg="200 GET /api/v1/project_users/13"
time="2025-05-21 23:59:14" level=info msg="200 GET /api/v1/kanban_tasks/7"
time="2025-05-21 23:59:14" level=info msg="200 GET /api/v1/kanban_tasks/6"
time="2025-05-21 23:59:14" level=error msg="404 GET /api/v1/kanban/project/10"
time="2025-05-21 23:59:14" level=info msg="200 GET /api/v1/kanban_tasks/7"
time="2025-05-21 23:59:14" level=info msg="200 GET /api/v1/project_users/12"
time="2025-05-21 23:59:14" level=info msg="200 GET /api/v1/project_users/10"
time="2025-05-21 23:59:14" level=error msg="404 GET /api/v1/kanban/project/11"
time="2025-05-21 23:59:14" level=info msg="200 GET /api/v1/kanban/project/9"
time="2025-05-21 23:59:14" level=error msg="404 GET /api/v1/kanban/project/11"
time="2025-05-21 23:59:14" level=error msg="404 GET /api/v1/kanban/project/12"
time="2025-05-21 23:59:14" level=info msg="200 GET /api/v1/kanban_tasks/6"
time="2025-05-21 23:59:14" level=info msg="200 GET /api/v1/kanban/project/9"
time="2025-05-21 23:59:14" level=error msg="404 GET /api/v1/kanban/project/10"
time="2025-05-21 23:59:14" level=info msg="200 GET /api/v1/project_users/12"
time="2025-05-21 23:59:14" level=info msg="200 GET /api/v1/project_users/9"
time="2025-05-21 23:59:14" level=error msg="404 GET /api/v1/kanban/project/13"
time="2025-05-21 23:59:14" level=info msg="200 GET /api/v1/project_users/13"
time="2025-05-21 23:59:14" level=info msg="200 GET /api/v1/project_users/9"
time="2025-05-21 23:59:14" level=info msg="200 GET /api/v1/kanban_tasks/7"
time="2025-05-21 23:59:14" level=info msg="200 GET /api/v1/project_users/10"
time="2025-05-21 23:59:14" level=info msg="200 GET /api/v1/project_users/11"
time="2025-05-21 23:59:14" level=info msg="200 GET /api/v1/kanban_tasks/6"
time="2025-05-21 23:59:14" level=info msg="200 GET /api/v1/kanban_tasks/7"
time="2025-05-21 23:59:14" level=info msg="200 GET /api/v1/kanban_tasks/6"
time="2025-05-21 23:59:14" level=info msg="200 GET /api/v1/project_users/11"
time="2025-05-21 23:59:14" level=info msg="200 GET /api/v1/project_users/12"
time="2025-05-21 23:59:14" level=info msg="200 GET /api/v1/project_users/13"
time="2025-05-21 23:59:14" level=info msg="200 GET /api/v1/project_users/9"
time="2025-05-21 23:59:14" level=info msg="200 GET /api/v1/project_users/9"
time="2025-05-21 23:59:14" level=info msg="200 GET /api/v1/kanban_tasks/7"
time="2025-05-21 23:59:14" level=info msg="200 GET /api/v1/project_users/10"
time="2025-05-21 23:59:14" level=info msg="200 GET /api/v1/project_users/9"
time="2025-05-21 23:59:14" level=info msg="200 GET /api/v1/project_users/9"
time="2025-05-21 23:59:17" level=info msg="200 GET /api/v1/comment/forTask/10"
time="2025-05-21 23:59:19" level=info msg="200 GET /api/v1/user/13/tasks"
time="2025-05-21 23:59:19" level=info msg="200 GET /api/v1/user/13/tasks"
time="2025-05-21 23:59:21" level=info msg="200 GET /api/v1/comment/forTask/10"
time="2025-05-21 23:59:27" level=info msg="201 POST /api/v1/comment/forTask"
time="2025-05-21 23:59:27" level=info msg="200 GET /api/v1/comment/forTask/10"
time="2025-05-21 23:59:30" level=info msg="201 POST /api/v1/comment/forTask"
time="2025-05-21 23:59:30" level=info msg="200 GET /api/v1/comment/forTask/10"
time="2025-05-21 23:59:45" level=info msg="200 GET /api/v1/user/me"
time="2025-05-21 23:59:45" level=info msg="200 GET /api/v1/user/me"
time="2025-05-21 23:59:45" level=info msg="200 GET /api/v1/user_projects/0"
time="2025-05-21 23:59:45" level=info msg="200 GET /api/v1/user_shared_projects/0"
time="2025-05-21 23:59:45" level=info msg="200 GET /api/v1/user_projects/13"
time="2025-05-21 23:59:45" level=info msg="200 GET /api/v1/user_shared_projects/13"
time="2025-05-21 23:59:45" level=info msg="200 GET /api/v1/user_projects/13"
time="2025-05-21 23:59:45" level=info msg="200 GET /api/v1/user_shared_projects/13"
time="2025-05-21 23:59:45" level=info msg="200 GET /api/v1/user_shared_projects/0"
time="2025-05-21 23:59:45" level=info msg="200 GET /api/v1/user_projects/0"
time="2025-05-21 23:59:45" level=info msg="200 GET /api/v1/user/me"
time="2025-05-21 23:59:45" level=info msg="200 GET /api/v1/user/me"
time="2025-05-21 23:59:45" level=info msg="200 GET /api/v1/project_subprojects/10"
time="2025-05-21 23:59:45" level=info msg="200 GET /api/v1/project_subprojects/9"
time="2025-05-21 23:59:45" level=info msg="200 GET /api/v1/project_subprojects/12"
time="2025-05-21 23:59:45" level=info msg="200 GET /api/v1/project_subprojects/9"
time="2025-05-21 23:59:45" level=info msg="200 GET /api/v1/project_subprojects/9"
time="2025-05-21 23:59:45" level=info msg="200 GET /api/v1/project_subprojects/11"
time="2025-05-21 23:59:45" level=info msg="200 GET /api/v1/project_subprojects/12"
time="2025-05-21 23:59:45" level=info msg="200 GET /api/v1/project_subprojects/9"
time="2025-05-21 23:59:45" level=info msg="200 GET /api/v1/project_subprojects/13"
time="2025-05-21 23:59:45" level=info msg="200 GET /api/v1/user_projects/13"
time="2025-05-21 23:59:45" level=info msg="200 GET /api/v1/project_subprojects/11"
time="2025-05-21 23:59:45" level=info msg="200 GET /api/v1/user_shared_projects/13"
time="2025-05-21 23:59:45" level=error msg="404 GET /api/v1/kanban/project/10"
time="2025-05-21 23:59:45" level=info msg="200 GET /api/v1/project_subprojects/10"
time="2025-05-21 23:59:45" level=error msg="404 GET /api/v1/kanban/project/12"
time="2025-05-21 23:59:45" level=info msg="200 GET /api/v1/kanban/project/9"
time="2025-05-21 23:59:45" level=info msg="200 GET /api/v1/kanban/project/9"
time="2025-05-21 23:59:45" level=info msg="200 GET /api/v1/kanban/project/9"
time="2025-05-21 23:59:45" level=error msg="404 GET /api/v1/kanban/project/11"
time="2025-05-21 23:59:45" level=info msg="200 GET /api/v1/project_subprojects/10"
time="2025-05-21 23:59:45" level=info msg="200 GET /api/v1/project_subprojects/13"
time="2025-05-21 23:59:45" level=error msg="404 GET /api/v1/kanban/project/12"
time="2025-05-21 23:59:45" level=info msg="200 GET /api/v1/kanban/project/9"
time="2025-05-21 23:59:45" level=info msg="200 GET /api/v1/project_subprojects/11"
time="2025-05-21 23:59:45" level=info msg="200 GET /api/v1/project_subprojects/13"
time="2025-05-21 23:59:45" level=info msg="200 GET /api/v1/project_subprojects/12"
time="2025-05-21 23:59:45" level=info msg="200 GET /api/v1/project_subprojects/9"
time="2025-05-21 23:59:45" level=error msg="404 GET /api/v1/kanban/project/11"
time="2025-05-21 23:59:45" level=info msg="200 GET /api/v1/project_users/10"
time="2025-05-21 23:59:45" level=info msg="200 GET /api/v1/project_subprojects/9"
time="2025-05-21 23:59:45" level=error msg="404 GET /api/v1/kanban/project/10"
time="2025-05-21 23:59:45" level=info msg="200 GET /api/v1/kanban_tasks/6"
time="2025-05-21 23:59:45" level=info msg="200 GET /api/v1/project_users/12"
time="2025-05-21 23:59:45" level=info msg="200 GET /api/v1/kanban_tasks/7"
time="2025-05-21 23:59:45" level=info msg="200 GET /api/v1/kanban_tasks/6"
time="2025-05-21 23:59:45" level=info msg="200 GET /api/v1/kanban_tasks/7"
time="2025-05-21 23:59:45" level=info msg="200 GET /api/v1/kanban_tasks/6"
time="2025-05-21 23:59:45" level=error msg="404 GET /api/v1/kanban/project/13"
time="2025-05-21 23:59:45" level=error msg="404 GET /api/v1/kanban/project/10"
time="2025-05-21 23:59:45" level=info msg="200 GET /api/v1/kanban_tasks/6"
time="2025-05-21 23:59:45" level=info msg="200 GET /api/v1/project_users/11"
time="2025-05-21 23:59:45" level=error msg="404 GET /api/v1/kanban/project/13"
time="2025-05-21 23:59:45" level=info msg="200 GET /api/v1/kanban_tasks/7"
time="2025-05-21 23:59:45" level=error msg="404 GET /api/v1/kanban/project/11"
time="2025-05-21 23:59:45" level=error msg="404 GET /api/v1/kanban/project/12"
time="2025-05-21 23:59:45" level=info msg="200 GET /api/v1/kanban/project/9"
time="2025-05-21 23:59:45" level=info msg="200 GET /api/v1/kanban_tasks/7"
time="2025-05-21 23:59:45" level=info msg="200 GET /api/v1/project_users/11"
time="2025-05-21 23:59:45" level=info msg="200 GET /api/v1/kanban/project/9"
time="2025-05-21 23:59:45" level=info msg="200 GET /api/v1/project_users/10"
time="2025-05-21 23:59:45" level=info msg="200 GET /api/v1/project_users/12"
time="2025-05-21 23:59:45" level=info msg="200 GET /api/v1/project_users/9"
time="2025-05-21 23:59:45" level=info msg="200 GET /api/v1/project_users/13"
time="2025-05-21 23:59:45" level=error msg="404 GET /api/v1/kanban/project/13"
time="2025-05-21 23:59:45" level=info msg="200 GET /api/v1/project_users/9"
time="2025-05-21 23:59:45" level=info msg="200 GET /api/v1/project_users/10"
time="2025-05-21 23:59:45" level=info msg="200 GET /api/v1/project_users/13"
time="2025-05-21 23:59:45" level=info msg="200 GET /api/v1/kanban_tasks/7"
time="2025-05-21 23:59:45" level=info msg="200 GET /api/v1/kanban_tasks/6"
time="2025-05-21 23:59:45" level=info msg="200 GET /api/v1/project_users/11"
time="2025-05-21 23:59:45" level=info msg="200 GET /api/v1/project_users/9"
time="2025-05-21 23:59:45" level=info msg="200 GET /api/v1/project_users/12"
time="2025-05-21 23:59:45" level=info msg="200 GET /api/v1/kanban_tasks/7"
time="2025-05-21 23:59:45" level=info msg="200 GET /api/v1/kanban_tasks/6"
time="2025-05-21 23:59:45" level=info msg="200 GET /api/v1/project_users/9"
time="2025-05-21 23:59:45" level=info msg="200 GET /api/v1/project_users/9"
time="2025-05-21 23:59:45" level=info msg="200 GET /api/v1/project_users/9"
time="2025-05-21 23:59:45" level=info msg="200 GET /api/v1/project_users/13"
time="2025-05-22 00:00:11" level=info msg="200 GET /api/v1/user_projects/0"
time="2025-05-22 00:00:11" level=info msg="200 GET /api/v1/user_shared_projects/0"
time="2025-05-22 00:00:11" level=info msg="200 GET /api/v1/user_projects/0"
time="2025-05-22 00:00:11" level=info msg="200 GET /api/v1/user_shared_projects/0"
time="2025-05-22 00:00:11" level=info msg="200 GET /api/v1/user/me"
time="2025-05-22 00:00:11" level=info msg="200 GET /api/v1/user/me"
time="2025-05-22 00:00:11" level=info msg="200 GET /api/v1/user/me"
time="2025-05-22 00:00:11" level=info msg="200 GET /api/v1/user/me"
time="2025-05-22 00:00:11" level=info msg="200 GET /api/v1/user_shared_projects/13"
time="2025-05-22 00:00:11" level=info msg="200 GET /api/v1/user_projects/13"
time="2025-05-22 00:00:11" level=info msg="200 GET /api/v1/project_subprojects/9"
time="2025-05-22 00:00:11" level=info msg="200 GET /api/v1/project_subprojects/9"
time="2025-05-22 00:00:11" level=info msg="200 GET /api/v1/user_shared_projects/13"
time="2025-05-22 00:00:11" level=info msg="200 GET /api/v1/project_subprojects/11"
time="2025-05-22 00:00:11" level=info msg="200 GET /api/v1/project_subprojects/10"
time="2025-05-22 00:00:11" level=info msg="200 GET /api/v1/project_subprojects/12"
time="2025-05-22 00:00:11" level=info msg="200 GET /api/v1/user_projects/13"
time="2025-05-22 00:00:11" level=info msg="200 GET /api/v1/project_subprojects/13"
time="2025-05-22 00:00:11" level=info msg="200 GET /api/v1/user_projects/13"
time="2025-05-22 00:00:11" level=info msg="200 GET /api/v1/user_shared_projects/13"
time="2025-05-22 00:00:11" level=info msg="200 GET /api/v1/project_subprojects/9"
time="2025-05-22 00:00:11" level=info msg="200 GET /api/v1/kanban/project/9"
time="2025-05-22 00:00:11" level=error msg="404 GET /api/v1/kanban/project/11"
time="2025-05-22 00:00:11" level=info msg="200 GET /api/v1/project_subprojects/9"
time="2025-05-22 00:00:11" level=error msg="404 GET /api/v1/kanban/project/12"
time="2025-05-22 00:00:11" level=info msg="200 GET /api/v1/kanban/project/9"
time="2025-05-22 00:00:11" level=info msg="200 GET /api/v1/project_subprojects/12"
time="2025-05-22 00:00:11" level=info msg="200 GET /api/v1/project_subprojects/13"
time="2025-05-22 00:00:11" level=error msg="404 GET /api/v1/kanban/project/10"
time="2025-05-22 00:00:11" level=info msg="200 GET /api/v1/project_subprojects/10"
time="2025-05-22 00:00:11" level=error msg="404 GET /api/v1/kanban/project/13"
time="2025-05-22 00:00:11" level=info msg="200 GET /api/v1/project_subprojects/11"
time="2025-05-22 00:00:11" level=info msg="200 GET /api/v1/project_subprojects/10"
time="2025-05-22 00:00:11" level=info msg="200 GET /api/v1/project_subprojects/12"
time="2025-05-22 00:00:11" level=info msg="200 GET /api/v1/project_subprojects/11"
time="2025-05-22 00:00:11" level=info msg="200 GET /api/v1/project_subprojects/9"
time="2025-05-22 00:00:11" level=info msg="200 GET /api/v1/project_subprojects/9"
time="2025-05-22 00:00:11" level=info msg="200 GET /api/v1/kanban_tasks/7"
time="2025-05-22 00:00:11" level=info msg="200 GET /api/v1/project_users/11"
time="2025-05-22 00:00:11" level=info msg="200 GET /api/v1/project_subprojects/13"
time="2025-05-22 00:00:11" level=info msg="200 GET /api/v1/project_users/12"
time="2025-05-22 00:00:11" level=info msg="200 GET /api/v1/kanban/project/9"
time="2025-05-22 00:00:11" level=info msg="200 GET /api/v1/kanban_tasks/6"
time="2025-05-22 00:00:11" level=info msg="200 GET /api/v1/kanban_tasks/7"
time="2025-05-22 00:00:11" level=error msg="404 GET /api/v1/kanban/project/12"
time="2025-05-22 00:00:11" level=info msg="200 GET /api/v1/kanban/project/9"
time="2025-05-22 00:00:11" level=info msg="200 GET /api/v1/kanban_tasks/6"
time="2025-05-22 00:00:11" level=error msg="404 GET /api/v1/kanban/project/10"
time="2025-05-22 00:00:11" level=info msg="200 GET /api/v1/project_users/10"
time="2025-05-22 00:00:11" level=error msg="404 GET /api/v1/kanban/project/11"
time="2025-05-22 00:00:11" level=error msg="404 GET /api/v1/kanban/project/12"
time="2025-05-22 00:00:11" level=info msg="200 GET /api/v1/kanban/project/9"
time="2025-05-22 00:00:11" level=error msg="404 GET /api/v1/kanban/project/13"
time="2025-05-22 00:00:11" level=info msg="200 GET /api/v1/kanban/project/9"
time="2025-05-22 00:00:11" level=info msg="200 GET /api/v1/project_users/13"
time="2025-05-22 00:00:11" level=error msg="404 GET /api/v1/kanban/project/13"
time="2025-05-22 00:00:11" level=error msg="404 GET /api/v1/kanban/project/11"
time="2025-05-22 00:00:11" level=info msg="200 GET /api/v1/kanban_tasks/7"
time="2025-05-22 00:00:11" level=error msg="404 GET /api/v1/kanban/project/10"
time="2025-05-22 00:00:11" level=info msg="200 GET /api/v1/project_users/12"
time="2025-05-22 00:00:11" level=info msg="200 GET /api/v1/project_users/9"
time="2025-05-22 00:00:11" level=info msg="200 GET /api/v1/project_users/11"
time="2025-05-22 00:00:11" level=info msg="200 GET /api/v1/kanban_tasks/6"
time="2025-05-22 00:00:11" level=info msg="200 GET /api/v1/project_users/10"
time="2025-05-22 00:00:11" level=info msg="200 GET /api/v1/kanban_tasks/6"
time="2025-05-22 00:00:11" level=info msg="200 GET /api/v1/kanban_tasks/7"
time="2025-05-22 00:00:11" level=info msg="200 GET /api/v1/kanban_tasks/6"
time="2025-05-22 00:00:11" level=info msg="200 GET /api/v1/kanban_tasks/7"
time="2025-05-22 00:00:11" level=info msg="200 GET /api/v1/kanban_tasks/7"
time="2025-05-22 00:00:11" level=info msg="200 GET /api/v1/kanban_tasks/6"
time="2025-05-22 00:00:11" level=info msg="200 GET /api/v1/project_users/12"
time="2025-05-22 00:00:11" level=info msg="200 GET /api/v1/project_users/9"
time="2025-05-22 00:00:11" level=info msg="200 GET /api/v1/project_users/13"
time="2025-05-22 00:00:11" level=info msg="200 GET /api/v1/project_users/11"
time="2025-05-22 00:00:11" level=info msg="200 GET /api/v1/project_users/10"
time="2025-05-22 00:00:11" level=info msg="200 GET /api/v1/project_users/9"
time="2025-05-22 00:00:11" level=info msg="200 GET /api/v1/project_users/9"
time="2025-05-22 00:00:11" level=info msg="200 GET /api/v1/project_users/13"
time="2025-05-22 00:00:11" level=info msg="200 GET /api/v1/project_users/9"
time="2025-05-22 00:00:11" level=info msg="200 GET /api/v1/project_users/9"
