time="2025-05-18 03:02:37" level=info msg="Starting DataTask"
time="2025-05-18 03:02:37" level=info msg=secret
time="2025-05-18 03:02:37" level=info msg=host
time="2025-05-18 03:02:37" level=info msg="Try connect to pg:postgres://postgres:postgres@localhost:5432/datatask?sslmode=disable"
time="2025-05-18 03:02:37" level=warning msg="DB not ready (attempt 1/10), retrying in 2s..."
time="2025-05-18 03:02:39" level=warning msg="DB not ready (attempt 2/10), retrying in 2s..."
time="2025-05-18 03:02:41" level=warning msg="DB not ready (attempt 3/10), retrying in 2s..."
time="2025-05-18 03:02:43" level=warning msg="DB not ready (attempt 4/10), retrying in 2s..."
time="2025-05-18 03:02:45" level=warning msg="DB not ready (attempt 5/10), retrying in 2s..."
time="2025-05-18 03:02:47" level=warning msg="DB not ready (attempt 6/10), retrying in 2s..."
time="2025-05-18 03:02:49" level=warning msg="DB not ready (attempt 7/10), retrying in 2s..."
time="2025-05-18 03:02:51" level=warning msg="DB not ready (attempt 8/10), retrying in 2s..."
time="2025-05-18 03:02:53" level=warning msg="DB not ready (attempt 9/10), retrying in 2s..."
time="2025-05-18 03:02:55" level=warning msg="DB not ready (attempt 10/10), retrying in 2s..."
time="2025-05-18 03:02:57" level=error msg="database not available after 10 attempts: dial tcp [::1]:5432: connect: connection refused"
time="2025-05-18 17:07:16" level=info msg="Starting DataTask"
time="2025-05-18 17:07:16" level=info msg=secret
time="2025-05-18 17:07:16" level=info msg=host
time="2025-05-18 17:07:16" level=info msg="Try connect to pg:postgres://postgres:postgres@localhost:5432/datatask?sslmode=disable"
time="2025-05-18 17:07:16" level=warning msg="DB not ready (attempt 1/10), retrying in 2s..."
time="2025-05-18 17:07:18" level=warning msg="DB not ready (attempt 2/10), retrying in 2s..."
time="2025-05-18 17:07:20" level=warning msg="DB not ready (attempt 3/10), retrying in 2s..."
time="2025-05-18 17:07:22" level=info msg="set up swagger" base_path=/api/v1 version=1
time="2025-05-18 17:07:22" level=info msg="running app" host= port=8080
time="2025-05-18 17:07:37" level=info msg="Starting DataTask"
time="2025-05-18 17:07:37" level=info msg=secret
time="2025-05-18 17:07:37" level=info msg=host
time="2025-05-18 17:07:37" level=info msg="Try connect to pg:postgres://postgres:postgres@localhost:5432/datatask?sslmode=disable"
time="2025-05-18 17:07:37" level=info msg="set up swagger" base_path=/api/v1 version=1
time="2025-05-18 17:07:37" level=info msg="running app" host= port=8080
time="2025-05-18 17:08:26" level=info msg="Starting DataTask"
time="2025-05-18 17:08:26" level=info msg=secret
time="2025-05-18 17:08:26" level=info msg=host
time="2025-05-18 17:08:26" level=info msg="Try connect to pg:postgres://postgres:postgres@localhost:5432/datatask?sslmode=disable"
time="2025-05-18 17:08:26" level=info msg="set up swagger" base_path=/api/v1 version=1
time="2025-05-18 17:08:26" level=info msg="running app" host= port=8080
time="2025-05-18 17:08:28" level=error msg="401 POST /api/v1/comment/forTask"
time="2025-05-18 17:08:43" level=error msg="400 POST /api/v1/auth/login"
time="2025-05-18 17:08:52" level=info msg="200 POST /api/v1/auth/login"
time="2025-05-18 17:09:01" level=error msg="500 POST /api/v1/comment/forTask"
time="2025-05-18 17:09:30" level=info msg="Starting DataTask"
time="2025-05-18 17:09:30" level=info msg=secret
time="2025-05-18 17:09:30" level=info msg=host
time="2025-05-18 17:09:30" level=info msg="Try connect to pg:postgres://postgres:postgres@localhost:5432/datatask?sslmode=disable"
time="2025-05-18 17:09:30" level=info msg="set up swagger" base_path=/api/v1 version=1
time="2025-05-18 17:09:30" level=info msg="running app" host= port=8080
time="2025-05-18 17:09:41" level=info msg="200 POST /api/v1/user/create"
time="2025-05-18 17:09:56" level=info msg="200 GET /api/v1/user_projects/0"
time="2025-05-18 17:09:56" level=info msg="200 GET /api/v1/user_projects/0"
time="2025-05-18 17:09:56" level=info msg="200 GET /api/v1/user_shared_projects/0"
time="2025-05-18 17:09:56" level=info msg="200 GET /api/v1/user_shared_projects/0"
time="2025-05-18 17:10:02" level=info msg="200 POST /api/v1/auth/login"
time="2025-05-18 17:10:03" level=info msg="200 GET /api/v1/user_projects/1"
time="2025-05-18 17:10:03" level=info msg="200 GET /api/v1/user_shared_projects/1"
time="2025-05-18 17:10:03" level=info msg="200 GET /api/v1/user_shared_projects/1"
time="2025-05-18 17:10:03" level=info msg="200 GET /api/v1/user_projects/1"
time="2025-05-18 17:10:06" level=info msg="200 GET /api/v1/user_projects/1"
time="2025-05-18 17:10:06" level=info msg="200 GET /api/v1/user_shared_projects/1"
time="2025-05-18 17:10:06" level=info msg="200 GET /api/v1/user_projects/1"
time="2025-05-18 17:10:06" level=info msg="200 GET /api/v1/user_shared_projects/1"
time="2025-05-18 17:10:07" level=info msg="200 GET /api/v1/user_projects/1"
time="2025-05-18 17:10:07" level=info msg="200 GET /api/v1/user_shared_projects/1"
time="2025-05-18 17:10:07" level=info msg="200 GET /api/v1/user_shared_projects/1"
time="2025-05-18 17:10:07" level=info msg="200 GET /api/v1/user_projects/1"
time="2025-05-18 17:10:07" level=info msg="200 GET /api/v1/user/1/tasks"
time="2025-05-18 17:10:07" level=info msg="200 GET /api/v1/user/1/tasks"
time="2025-05-18 17:10:09" level=info msg="200 GET /api/v1/user/1/tasks"
time="2025-05-18 17:10:09" level=info msg="200 GET /api/v1/user/1/tasks"
time="2025-05-18 17:10:12" level=info msg="201 POST /api/v1/project/"
time="2025-05-18 17:10:12" level=info msg="200 GET /api/v1/user_shared_projects/1"
time="2025-05-18 17:10:12" level=info msg="200 GET /api/v1/user_projects/1"
time="2025-05-18 17:10:12" level=info msg="200 GET /api/v1/project_subprojects/1"
time="2025-05-18 17:10:12" level=info msg="200 GET /api/v1/user_projects/1"
time="2025-05-18 17:10:12" level=error msg="404 GET /api/v1/kanban/project/1"
time="2025-05-18 17:10:12" level=info msg="200 GET /api/v1/user_shared_projects/1"
time="2025-05-18 17:10:12" level=info msg="200 GET /api/v1/project_subprojects/1"
time="2025-05-18 17:10:12" level=info msg="200 GET /api/v1/project_users/1"
time="2025-05-18 17:10:12" level=error msg="404 GET /api/v1/kanban/project/1"
time="2025-05-18 17:10:12" level=info msg="200 GET /api/v1/project_users/1"
time="2025-05-18 17:10:14" level=info msg="200 GET /api/v1/user_shared_projects/1"
time="2025-05-18 17:10:14" level=info msg="200 GET /api/v1/user_projects/1"
time="2025-05-18 17:10:14" level=info msg="200 GET /api/v1/project_subprojects/1"
time="2025-05-18 17:10:14" level=error msg="404 GET /api/v1/kanban/project/1"
time="2025-05-18 17:10:14" level=info msg="200 GET /api/v1/user_projects/1"
time="2025-05-18 17:10:14" level=info msg="200 GET /api/v1/user_shared_projects/1"
time="2025-05-18 17:10:14" level=info msg="200 GET /api/v1/project_users/1"
time="2025-05-18 17:10:14" level=info msg="200 GET /api/v1/project_subprojects/1"
time="2025-05-18 17:10:14" level=info msg="200 GET /api/v1/user/1/tasks"
time="2025-05-18 17:10:14" level=info msg="200 GET /api/v1/user/1/tasks"
time="2025-05-18 17:10:14" level=error msg="404 GET /api/v1/kanban/project/1"
time="2025-05-18 17:10:14" level=info msg="200 GET /api/v1/project_users/1"
time="2025-05-18 17:10:16" level=info msg="200 GET /api/v1/user/1/tasks"
time="2025-05-18 17:10:16" level=info msg="200 GET /api/v1/user/1/tasks"
time="2025-05-18 17:10:18" level=info msg="201 POST /api/v1/kanban/"
time="2025-05-18 17:10:18" level=info msg="200 GET /api/v1/user_projects/1"
time="2025-05-18 17:10:18" level=info msg="200 GET /api/v1/user_shared_projects/1"
time="2025-05-18 17:10:18" level=info msg="200 GET /api/v1/project_subprojects/1"
time="2025-05-18 17:10:18" level=info msg="200 GET /api/v1/user_shared_projects/1"
time="2025-05-18 17:10:18" level=info msg="200 GET /api/v1/user_projects/1"
time="2025-05-18 17:10:18" level=info msg="200 GET /api/v1/kanban/project/1"
time="2025-05-18 17:10:18" level=info msg="200 GET /api/v1/project_subprojects/1"
time="2025-05-18 17:10:18" level=info msg="200 GET /api/v1/kanban_tasks/1"
time="2025-05-18 17:10:18" level=info msg="200 GET /api/v1/kanban/project/1"
time="2025-05-18 17:10:18" level=info msg="200 GET /api/v1/kanban_tasks/1"
time="2025-05-18 17:10:18" level=info msg="200 GET /api/v1/project_users/1"
time="2025-05-18 17:10:18" level=info msg="200 GET /api/v1/project_users/1"
time="2025-05-18 17:10:20" level=info msg="201 POST /api/v1/task/"
time="2025-05-18 17:10:20" level=info msg="200 GET /api/v1/user_projects/1"
time="2025-05-18 17:10:20" level=info msg="200 GET /api/v1/user_shared_projects/1"
time="2025-05-18 17:10:20" level=info msg="200 GET /api/v1/project_subprojects/1"
time="2025-05-18 17:10:20" level=info msg="200 GET /api/v1/user_projects/1"
time="2025-05-18 17:10:20" level=info msg="200 GET /api/v1/user_shared_projects/1"
time="2025-05-18 17:10:20" level=info msg="200 GET /api/v1/kanban/project/1"
time="2025-05-18 17:10:20" level=info msg="200 GET /api/v1/project_subprojects/1"
time="2025-05-18 17:10:20" level=info msg="200 GET /api/v1/kanban_tasks/1"
time="2025-05-18 17:10:20" level=info msg="200 GET /api/v1/kanban/project/1"
time="2025-05-18 17:10:20" level=info msg="200 GET /api/v1/kanban_tasks/1"
time="2025-05-18 17:10:20" level=info msg="200 GET /api/v1/project_users/1"
time="2025-05-18 17:10:20" level=info msg="200 GET /api/v1/project_users/1"
time="2025-05-18 17:10:24" level=info msg="200 PUT /api/v1/task/1"
time="2025-05-18 17:10:30" level=info msg="200 GET /api/v1/user/1/tasks"
time="2025-05-18 17:10:30" level=info msg="200 GET /api/v1/user/1/tasks"
time="2025-05-18 17:10:42" level=info msg="201 POST /api/v1/comment/forTask"
time="2025-05-18 17:10:46" level=info msg="201 POST /api/v1/comment/forTask"
time="2025-05-18 17:14:14" level=info msg="Starting DataTask"
time="2025-05-18 17:14:14" level=info msg=secret
time="2025-05-18 17:14:14" level=info msg=host
time="2025-05-18 17:14:14" level=info msg="Try connect to pg:postgres://postgres:postgres@localhost:5432/datatask?sslmode=disable"
time="2025-05-18 17:14:14" level=info msg="set up swagger" base_path=/api/v1 version=1
time="2025-05-18 17:14:14" level=info msg="running app" host= port=8080
time="2025-05-18 17:14:23" level=info msg="200 GET /api/v1/comment/forTask/1"
time="2025-05-18 17:15:31" level=info msg="Starting DataTask"
time="2025-05-18 17:15:31" level=info msg=secret
time="2025-05-18 17:15:31" level=info msg=host
time="2025-05-18 17:15:31" level=info msg="Try connect to pg:postgres://postgres:postgres@localhost:5432/datatask?sslmode=disable"
time="2025-05-18 17:15:31" level=info msg="set up swagger" base_path=/api/v1 version=1
time="2025-05-18 17:15:31" level=info msg="running app" host= port=8080
time="2025-05-18 17:18:19" level=info msg="200 GET /api/v1/comment/forTask/1"
time="2025-05-18 17:18:23" level=info msg="201 POST /api/v1/comment/forTask"
time="2025-05-18 17:18:23" level=info msg="200 GET /api/v1/comment/forTask/1"
time="2025-05-18 17:18:23" level=info msg="200 GET /api/v1/user_projects/1"
time="2025-05-18 17:18:23" level=info msg="200 GET /api/v1/user_shared_projects/1"
time="2025-05-18 17:18:24" level=info msg="200 GET /api/v1/project_subprojects/1"
time="2025-05-18 17:18:24" level=info msg="200 GET /api/v1/kanban/project/1"
time="2025-05-18 17:18:24" level=info msg="200 GET /api/v1/kanban_tasks/1"
time="2025-05-18 17:18:24" level=info msg="200 GET /api/v1/user_projects/1"
time="2025-05-18 17:18:24" level=info msg="200 GET /api/v1/user_shared_projects/1"
time="2025-05-18 17:18:24" level=info msg="200 GET /api/v1/project_users/1"
time="2025-05-18 17:18:24" level=info msg="200 GET /api/v1/project_subprojects/1"
time="2025-05-18 17:18:24" level=info msg="200 GET /api/v1/kanban/project/1"
time="2025-05-18 17:18:24" level=info msg="200 GET /api/v1/user/1/tasks"
time="2025-05-18 17:18:24" level=info msg="200 GET /api/v1/user/1/tasks"
time="2025-05-18 17:18:24" level=info msg="200 GET /api/v1/kanban_tasks/1"
time="2025-05-18 17:18:24" level=info msg="200 GET /api/v1/project_users/1"
time="2025-05-18 17:18:25" level=info msg="200 GET /api/v1/comment/forTask/1"
time="2025-05-18 17:18:29" level=info msg="200 PUT /api/v1/task/1"
time="2025-05-18 17:18:35" level=info msg="201 POST /api/v1/comment/forTask"
time="2025-05-18 17:18:35" level=info msg="200 GET /api/v1/comment/forTask/1"
time="2025-05-18 17:18:37" level=info msg="201 POST /api/v1/comment/forTask"
time="2025-05-18 17:18:37" level=info msg="200 GET /api/v1/comment/forTask/1"
time="2025-05-18 17:18:38" level=info msg="201 POST /api/v1/comment/forTask"
time="2025-05-18 17:18:38" level=info msg="200 GET /api/v1/comment/forTask/1"
time="2025-05-18 17:20:03" level=info msg="200 PUT /api/v1/task/1"
time="2025-05-18 17:20:21" level=info msg="200 PUT /api/v1/task/1"
time="2025-05-18 17:20:22" level=info msg="200 GET /api/v1/user_projects/1"
time="2025-05-18 17:20:22" level=info msg="200 GET /api/v1/user_shared_projects/1"
time="2025-05-18 17:20:22" level=info msg="200 GET /api/v1/user_projects/1"
time="2025-05-18 17:20:22" level=info msg="200 GET /api/v1/user_shared_projects/1"
time="2025-05-18 17:20:22" level=info msg="200 GET /api/v1/project_subprojects/1"
time="2025-05-18 17:20:23" level=info msg="200 GET /api/v1/project_subprojects/1"
time="2025-05-18 17:20:23" level=info msg="200 GET /api/v1/kanban/project/1"
time="2025-05-18 17:20:23" level=info msg="200 GET /api/v1/kanban_tasks/1"
time="2025-05-18 17:20:23" level=info msg="200 GET /api/v1/kanban/project/1"
time="2025-05-18 17:20:23" level=info msg="200 GET /api/v1/kanban_tasks/1"
time="2025-05-18 17:20:23" level=info msg="200 GET /api/v1/project_users/1"
time="2025-05-18 17:20:23" level=info msg="200 GET /api/v1/project_users/1"
time="2025-05-18 17:20:23" level=info msg="200 GET /api/v1/user/1/tasks"
time="2025-05-18 17:20:23" level=info msg="200 GET /api/v1/user/1/tasks"
time="2025-05-18 17:20:24" level=info msg="200 GET /api/v1/comment/forTask/1"
time="2025-05-18 17:20:29" level=info msg="200 PUT /api/v1/task/1"
time="2025-05-18 17:20:31" level=info msg="200 GET /api/v1/user_shared_projects/1"
time="2025-05-18 17:20:31" level=info msg="200 GET /api/v1/user_projects/1"
time="2025-05-18 17:20:31" level=info msg="200 GET /api/v1/user_projects/1"
time="2025-05-18 17:20:31" level=info msg="200 GET /api/v1/user_shared_projects/1"
time="2025-05-18 17:20:31" level=info msg="200 GET /api/v1/project_subprojects/1"
time="2025-05-18 17:20:31" level=info msg="200 GET /api/v1/project_subprojects/1"
time="2025-05-18 17:20:31" level=info msg="200 GET /api/v1/kanban/project/1"
time="2025-05-18 17:20:31" level=info msg="200 GET /api/v1/kanban/project/1"
time="2025-05-18 17:20:31" level=info msg="200 GET /api/v1/kanban_tasks/1"
time="2025-05-18 17:20:31" level=info msg="200 GET /api/v1/kanban_tasks/1"
time="2025-05-18 17:20:31" level=info msg="200 GET /api/v1/project_users/1"
time="2025-05-18 17:20:31" level=info msg="200 GET /api/v1/project_users/1"
time="2025-05-18 17:20:31" level=info msg="200 GET /api/v1/user/1/tasks"
time="2025-05-18 17:20:31" level=info msg="200 GET /api/v1/user/1/tasks"
time="2025-05-18 17:20:32" level=info msg="200 GET /api/v1/comment/forTask/1"
time="2025-05-18 17:20:37" level=info msg="200 GET /api/v1/comment/forTask/1"
time="2025-05-18 17:20:40" level=info msg="200 GET /api/v1/comment/forTask/1"
time="2025-05-18 17:20:40" level=info msg="200 GET /api/v1/user_projects/1"
time="2025-05-18 17:20:40" level=info msg="200 GET /api/v1/user_shared_projects/1"
time="2025-05-18 17:20:40" level=info msg="200 GET /api/v1/project_subprojects/1"
time="2025-05-18 17:20:40" level=info msg="200 GET /api/v1/user_projects/1"
time="2025-05-18 17:20:40" level=info msg="200 GET /api/v1/user_shared_projects/1"
time="2025-05-18 17:20:40" level=info msg="200 GET /api/v1/kanban/project/1"
time="2025-05-18 17:20:40" level=info msg="200 GET /api/v1/project_subprojects/1"
time="2025-05-18 17:20:40" level=info msg="200 GET /api/v1/kanban_tasks/1"
time="2025-05-18 17:20:40" level=info msg="200 GET /api/v1/kanban/project/1"
time="2025-05-18 17:20:40" level=info msg="200 GET /api/v1/kanban_tasks/1"
time="2025-05-18 17:20:40" level=info msg="200 GET /api/v1/project_users/1"
time="2025-05-18 17:20:40" level=info msg="200 GET /api/v1/project_users/1"
time="2025-05-18 17:20:41" level=info msg="200 GET /api/v1/user/1/tasks"
time="2025-05-18 17:20:41" level=info msg="200 GET /api/v1/user/1/tasks"
time="2025-05-18 17:20:45" level=info msg="200 GET /api/v1/user/1/tasks"
time="2025-05-18 17:20:45" level=info msg="200 GET /api/v1/user/1/tasks"
time="2025-05-18 17:20:47" level=info msg="201 POST /api/v1/task/"
time="2025-05-18 17:20:47" level=info msg="200 GET /api/v1/user_projects/1"
time="2025-05-18 17:20:47" level=info msg="200 GET /api/v1/user_shared_projects/1"
time="2025-05-18 17:20:47" level=info msg="200 GET /api/v1/project_subprojects/1"
time="2025-05-18 17:20:47" level=info msg="200 GET /api/v1/user_projects/1"
time="2025-05-18 17:20:47" level=info msg="200 GET /api/v1/project_subprojects/1"
time="2025-05-18 17:20:47" level=info msg="200 GET /api/v1/kanban/project/1"
time="2025-05-18 17:20:47" level=info msg="200 GET /api/v1/user_shared_projects/1"
time="2025-05-18 17:20:47" level=info msg="200 GET /api/v1/kanban_tasks/1"
time="2025-05-18 17:20:47" level=info msg="200 GET /api/v1/kanban/project/1"
time="2025-05-18 17:20:47" level=info msg="200 GET /api/v1/kanban_tasks/1"
time="2025-05-18 17:20:47" level=info msg="200 GET /api/v1/project_users/1"
time="2025-05-18 17:20:47" level=info msg="200 GET /api/v1/project_users/1"
time="2025-05-18 17:20:48" level=info msg="200 GET /api/v1/comment/forTask/2"
time="2025-05-18 17:21:07" level=info msg="200 GET /api/v1/user_projects/1"
time="2025-05-18 17:21:07" level=info msg="200 GET /api/v1/user_shared_projects/1"
time="2025-05-18 17:21:07" level=info msg="200 GET /api/v1/project_subprojects/1"
time="2025-05-18 17:21:07" level=info msg="200 GET /api/v1/user_projects/1"
time="2025-05-18 17:21:07" level=info msg="200 GET /api/v1/user_shared_projects/1"
time="2025-05-18 17:21:07" level=error msg="404 GET /api/v1/kanban/project/1"
time="2025-05-18 17:21:07" level=info msg="200 GET /api/v1/project_subprojects/1"
time="2025-05-18 17:21:07" level=error msg="404 GET /api/v1/kanban/project/1"
time="2025-05-18 17:21:07" level=info msg="200 GET /api/v1/project_users/1"
time="2025-05-18 17:21:07" level=info msg="200 GET /api/v1/project_users/1"
time="2025-05-18 17:21:11" level=info msg="201 POST /api/v1/kanban/"
time="2025-05-18 17:21:11" level=info msg="200 GET /api/v1/user_projects/1"
time="2025-05-18 17:21:11" level=info msg="200 GET /api/v1/user_shared_projects/1"
time="2025-05-18 17:21:11" level=info msg="200 GET /api/v1/project_subprojects/1"
time="2025-05-18 17:21:11" level=info msg="200 GET /api/v1/kanban/project/1"
time="2025-05-18 17:21:11" level=info msg="200 GET /api/v1/user_shared_projects/1"
time="2025-05-18 17:21:11" level=info msg="200 GET /api/v1/user_projects/1"
time="2025-05-18 17:21:11" level=info msg="200 GET /api/v1/kanban_tasks/2"
time="2025-05-18 17:21:11" level=info msg="200 GET /api/v1/project_subprojects/1"
time="2025-05-18 17:21:11" level=info msg="200 GET /api/v1/project_users/1"
time="2025-05-18 17:21:11" level=info msg="200 GET /api/v1/kanban/project/1"
time="2025-05-18 17:21:11" level=info msg="200 GET /api/v1/kanban_tasks/2"
time="2025-05-18 17:21:11" level=info msg="200 GET /api/v1/project_users/1"
time="2025-05-18 17:21:14" level=info msg="201 POST /api/v1/task/"
time="2025-05-18 17:21:15" level=info msg="200 GET /api/v1/user_shared_projects/1"
time="2025-05-18 17:21:15" level=info msg="200 GET /api/v1/user_projects/1"
time="2025-05-18 17:21:15" level=info msg="200 GET /api/v1/project_subprojects/1"
time="2025-05-18 17:21:15" level=info msg="200 GET /api/v1/kanban/project/1"
time="2025-05-18 17:21:15" level=info msg="200 GET /api/v1/kanban_tasks/2"
time="2025-05-18 17:21:15" level=info msg="200 GET /api/v1/user_projects/1"
time="2025-05-18 17:21:15" level=info msg="200 GET /api/v1/user_shared_projects/1"
time="2025-05-18 17:21:15" level=info msg="200 GET /api/v1/project_subprojects/1"
time="2025-05-18 17:21:15" level=info msg="200 GET /api/v1/project_users/1"
time="2025-05-18 17:21:15" level=info msg="200 GET /api/v1/kanban/project/1"
time="2025-05-18 17:21:15" level=info msg="200 GET /api/v1/kanban_tasks/2"
time="2025-05-18 17:21:15" level=info msg="200 GET /api/v1/project_users/1"
time="2025-05-18 17:21:16" level=info msg="200 GET /api/v1/comment/forTask/3"
time="2025-05-18 17:22:22" level=info msg="200 GET /api/v1/user_projects/1"
time="2025-05-18 17:22:22" level=info msg="200 GET /api/v1/user_shared_projects/1"
time="2025-05-18 17:22:22" level=info msg="200 GET /api/v1/project_subprojects/1"
time="2025-05-18 17:22:22" level=info msg="200 GET /api/v1/kanban/project/1"
time="2025-05-18 17:22:22" level=info msg="200 GET /api/v1/user_projects/1"
time="2025-05-18 17:22:22" level=info msg="200 GET /api/v1/user_shared_projects/1"
time="2025-05-18 17:22:22" level=info msg="200 GET /api/v1/kanban_tasks/2"
time="2025-05-18 17:22:22" level=info msg="200 GET /api/v1/project_subprojects/1"
time="2025-05-18 17:22:22" level=info msg="200 GET /api/v1/kanban/project/1"
time="2025-05-18 17:22:22" level=info msg="200 GET /api/v1/project_users/1"
time="2025-05-18 17:22:22" level=info msg="200 GET /api/v1/kanban_tasks/2"
time="2025-05-18 17:22:22" level=info msg="200 GET /api/v1/project_users/1"
time="2025-05-18 17:22:24" level=info msg="200 GET /api/v1/comment/forTask/3"
time="2025-05-18 17:22:26" level=info msg="201 POST /api/v1/comment/forTask"
time="2025-05-18 17:22:26" level=info msg="200 GET /api/v1/comment/forTask/3"
time="2025-05-18 17:22:44" level=info msg="201 POST /api/v1/comment/forTask"
time="2025-05-18 17:22:44" level=info msg="200 GET /api/v1/comment/forTask/3"
time="2025-05-18 17:23:58" level=info msg="200 GET /api/v1/user_projects/1"
time="2025-05-18 17:23:58" level=info msg="200 GET /api/v1/user_shared_projects/1"
time="2025-05-18 17:23:58" level=info msg="200 GET /api/v1/project_subprojects/1"
time="2025-05-18 17:23:58" level=info msg="200 GET /api/v1/kanban/project/1"
time="2025-05-18 17:23:58" level=info msg="200 GET /api/v1/kanban_tasks/2"
time="2025-05-18 17:23:58" level=info msg="200 GET /api/v1/project_users/1"
time="2025-05-18 17:23:58" level=info msg="200 GET /api/v1/user_projects/1"
time="2025-05-18 17:23:58" level=info msg="200 GET /api/v1/user_shared_projects/1"
time="2025-05-18 17:23:58" level=info msg="200 GET /api/v1/project_subprojects/1"
time="2025-05-18 17:23:58" level=info msg="200 GET /api/v1/kanban/project/1"
time="2025-05-18 17:23:58" level=info msg="200 GET /api/v1/kanban_tasks/2"
time="2025-05-18 17:23:58" level=info msg="200 GET /api/v1/project_users/1"
time="2025-05-18 17:24:01" level=info msg="200 GET /api/v1/comment/forTask/3"
time="2025-05-18 17:24:03" level=info msg="201 POST /api/v1/comment/forTask"
time="2025-05-18 17:24:03" level=info msg="200 GET /api/v1/comment/forTask/3"
time="2025-05-18 17:24:05" level=info msg="201 POST /api/v1/comment/forTask"
time="2025-05-18 17:24:05" level=info msg="200 GET /api/v1/comment/forTask/3"
time="2025-05-18 17:24:11" level=info msg="200 PUT /api/v1/task/3"
time="2025-05-18 17:24:34" level=info msg="200 GET /api/v1/user_projects/0"
time="2025-05-18 17:24:34" level=info msg="200 GET /api/v1/user_projects/0"
time="2025-05-18 17:24:34" level=info msg="200 GET /api/v1/user_shared_projects/0"
time="2025-05-18 17:24:34" level=info msg="200 GET /api/v1/user_shared_projects/0"
time="2025-05-18 17:24:49" level=info msg="200 POST /api/v1/auth/login"
time="2025-05-18 17:24:49" level=info msg="200 GET /api/v1/user_projects/1"
time="2025-05-18 17:24:49" level=info msg="200 GET /api/v1/user_shared_projects/1"
time="2025-05-18 17:24:49" level=info msg="200 GET /api/v1/user_projects/1"
time="2025-05-18 17:24:49" level=info msg="200 GET /api/v1/user_shared_projects/1"
time="2025-05-18 17:24:49" level=info msg="200 GET /api/v1/project_subprojects/1"
time="2025-05-18 17:24:49" level=info msg="200 GET /api/v1/project_subprojects/1"
time="2025-05-18 17:24:49" level=info msg="200 GET /api/v1/kanban/project/1"
time="2025-05-18 17:24:49" level=info msg="200 GET /api/v1/kanban/project/1"
time="2025-05-18 17:24:49" level=info msg="200 GET /api/v1/kanban_tasks/2"
time="2025-05-18 17:24:49" level=info msg="200 GET /api/v1/kanban_tasks/2"
time="2025-05-18 17:24:49" level=info msg="200 GET /api/v1/project_users/1"
time="2025-05-18 17:24:49" level=info msg="200 GET /api/v1/project_users/1"
time="2025-05-18 17:24:53" level=info msg="200 GET /api/v1/user_projects/1"
time="2025-05-18 17:24:53" level=info msg="200 GET /api/v1/user_shared_projects/1"
time="2025-05-18 17:24:53" level=info msg="200 GET /api/v1/user_projects/1"
time="2025-05-18 17:24:53" level=info msg="200 GET /api/v1/user_shared_projects/1"
time="2025-05-18 17:24:53" level=info msg="200 GET /api/v1/project_subprojects/1"
time="2025-05-18 17:24:53" level=info msg="200 GET /api/v1/project_subprojects/1"
time="2025-05-18 17:24:53" level=info msg="200 GET /api/v1/kanban/project/1"
time="2025-05-18 17:24:53" level=info msg="200 GET /api/v1/kanban/project/1"
time="2025-05-18 17:24:53" level=info msg="200 GET /api/v1/kanban_tasks/2"
time="2025-05-18 17:24:53" level=info msg="200 GET /api/v1/kanban_tasks/2"
time="2025-05-18 17:24:53" level=info msg="200 GET /api/v1/project_users/1"
time="2025-05-18 17:24:53" level=info msg="200 GET /api/v1/project_users/1"
time="2025-05-18 17:24:58" level=info msg="200 GET /api/v1/user_projects/1"
time="2025-05-18 17:24:58" level=info msg="200 GET /api/v1/user_shared_projects/1"
time="2025-05-18 17:24:58" level=info msg="200 GET /api/v1/user_projects/1"
time="2025-05-18 17:24:58" level=info msg="200 GET /api/v1/user_shared_projects/1"
time="2025-05-18 17:24:58" level=info msg="200 GET /api/v1/project_subprojects/1"
time="2025-05-18 17:24:58" level=info msg="200 GET /api/v1/project_subprojects/1"
time="2025-05-18 17:24:58" level=info msg="200 GET /api/v1/kanban/project/1"
time="2025-05-18 17:24:58" level=info msg="200 GET /api/v1/kanban/project/1"
time="2025-05-18 17:24:58" level=info msg="200 GET /api/v1/kanban_tasks/2"
time="2025-05-18 17:24:58" level=info msg="200 GET /api/v1/kanban_tasks/2"
time="2025-05-18 17:24:58" level=info msg="200 GET /api/v1/project_users/1"
time="2025-05-18 17:24:58" level=info msg="200 GET /api/v1/project_users/1"
time="2025-05-18 17:24:59" level=info msg="200 GET /api/v1/user_projects/1"
time="2025-05-18 17:24:59" level=info msg="200 GET /api/v1/user_shared_projects/1"
time="2025-05-18 17:24:59" level=info msg="200 GET /api/v1/user_projects/1"
time="2025-05-18 17:24:59" level=info msg="200 GET /api/v1/user_shared_projects/1"
time="2025-05-18 17:24:59" level=info msg="200 GET /api/v1/project_subprojects/1"
time="2025-05-18 17:24:59" level=info msg="200 GET /api/v1/project_subprojects/1"
time="2025-05-18 17:24:59" level=info msg="200 GET /api/v1/kanban/project/1"
time="2025-05-18 17:24:59" level=info msg="200 GET /api/v1/kanban/project/1"
time="2025-05-18 17:24:59" level=info msg="200 GET /api/v1/kanban_tasks/2"
time="2025-05-18 17:24:59" level=info msg="200 GET /api/v1/kanban_tasks/2"
time="2025-05-18 17:24:59" level=info msg="200 GET /api/v1/project_users/1"
time="2025-05-18 17:24:59" level=info msg="200 GET /api/v1/project_users/1"
time="2025-05-18 17:24:59" level=info msg="200 GET /api/v1/user/1/tasks"
time="2025-05-18 17:24:59" level=info msg="200 GET /api/v1/user/1/tasks"
time="2025-05-18 17:24:59" level=info msg="200 GET /api/v1/user_projects/1"
time="2025-05-18 17:24:59" level=info msg="200 GET /api/v1/user_shared_projects/1"
time="2025-05-18 17:24:59" level=info msg="200 GET /api/v1/user_projects/1"
time="2025-05-18 17:24:59" level=info msg="200 GET /api/v1/user_shared_projects/1"
time="2025-05-18 17:24:59" level=info msg="200 GET /api/v1/project_subprojects/1"
time="2025-05-18 17:24:59" level=info msg="200 GET /api/v1/project_subprojects/1"
time="2025-05-18 17:24:59" level=info msg="200 GET /api/v1/kanban/project/1"
time="2025-05-18 17:24:59" level=info msg="200 GET /api/v1/kanban/project/1"
time="2025-05-18 17:24:59" level=info msg="200 GET /api/v1/kanban_tasks/2"
time="2025-05-18 17:24:59" level=info msg="200 GET /api/v1/kanban_tasks/2"
time="2025-05-18 17:24:59" level=info msg="200 GET /api/v1/project_users/1"
time="2025-05-18 17:24:59" level=info msg="200 GET /api/v1/project_users/1"
time="2025-05-18 17:24:59" level=info msg="200 GET /api/v1/user/1/tasks"
time="2025-05-18 17:24:59" level=info msg="200 GET /api/v1/user/1/tasks"
time="2025-05-18 17:25:04" level=info msg="200 GET /api/v1/user/1/tasks"
time="2025-05-18 17:25:04" level=info msg="200 GET /api/v1/user/1/tasks"
time="2025-05-18 17:25:15" level=info msg="200 GET /api/v1/comment/forTask/3"
time="2025-05-18 17:25:22" level=info msg="201 POST /api/v1/comment/forTask"
time="2025-05-18 17:25:22" level=info msg="200 GET /api/v1/comment/forTask/3"
time="2025-05-18 17:32:33" level=info msg="200 GET /api/v1/comment/forTask/3"
time="2025-05-18 17:32:33" level=info msg="200 GET /api/v1/comment/forTask/3"
time="2025-05-18 19:48:45" level=info msg="Starting DataTask"
time="2025-05-18 19:48:45" level=info msg=secret
time="2025-05-18 19:48:45" level=info msg=host
time="2025-05-18 19:48:45" level=info msg="Try connect to pg:postgres://postgres:postgres@localhost:5432/datatask?sslmode=disable"
time="2025-05-18 19:48:45" level=info msg="set up swagger" base_path=/api/v1 version=1
time="2025-05-18 19:48:45" level=info msg="running app" host= port=8080
time="2025-05-18 19:48:47" level=info msg="201 POST /api/v1/project/"
time="2025-05-18 19:48:47" level=info msg="200 GET /api/v1/user_projects/1"
time="2025-05-18 19:48:47" level=info msg="200 GET /api/v1/project_subprojects/1"
time="2025-05-18 19:48:47" level=info msg="200 GET /api/v1/kanban/project/1"
time="2025-05-18 19:48:47" level=info msg="200 GET /api/v1/user_projects/1"
time="2025-05-18 19:48:47" level=info msg="200 GET /api/v1/user_shared_projects/1"
time="2025-05-18 19:48:47" level=info msg="200 GET /api/v1/kanban_tasks/2"
time="2025-05-18 19:48:47" level=info msg="200 GET /api/v1/project_subprojects/2"
time="2025-05-18 19:48:47" level=info msg="200 GET /api/v1/user_shared_projects/1"
time="2025-05-18 19:48:47" level=info msg="200 GET /api/v1/project_subprojects/2"
time="2025-05-18 19:48:47" level=info msg="200 GET /api/v1/project_subprojects/1"
time="2025-05-18 19:48:47" level=error msg="404 GET /api/v1/kanban/project/2"
time="2025-05-18 19:48:47" level=info msg="200 GET /api/v1/project_users/1"
time="2025-05-18 19:48:47" level=info msg="200 GET /api/v1/project_users/2"
time="2025-05-18 19:48:47" level=error msg="404 GET /api/v1/kanban/project/2"
time="2025-05-18 19:48:47" level=info msg="200 GET /api/v1/kanban/project/1"
time="2025-05-18 19:48:47" level=info msg="200 GET /api/v1/user/1/tasks"
time="2025-05-18 19:48:47" level=info msg="200 GET /api/v1/user/1/tasks"
time="2025-05-18 19:48:47" level=info msg="200 GET /api/v1/kanban_tasks/2"
time="2025-05-18 19:48:47" level=info msg="200 GET /api/v1/project_users/2"
time="2025-05-18 19:48:47" level=info msg="200 GET /api/v1/project_users/1"
time="2025-05-18 19:48:51" level=info msg="200 GET /api/v1/user/1/tasks"
time="2025-05-18 19:48:51" level=info msg="200 GET /api/v1/user/1/tasks"
time="2025-05-18 19:48:53" level=info msg="200 GET /api/v1/user_projects/1"
time="2025-05-18 19:48:53" level=info msg="200 GET /api/v1/user_shared_projects/1"
time="2025-05-18 19:48:53" level=info msg="200 GET /api/v1/project_subprojects/2"
time="2025-05-18 19:48:53" level=info msg="200 GET /api/v1/user_projects/1"
time="2025-05-18 19:48:53" level=error msg="404 GET /api/v1/kanban/project/2"
time="2025-05-18 19:48:53" level=info msg="200 GET /api/v1/user_shared_projects/1"
time="2025-05-18 19:48:53" level=info msg="200 GET /api/v1/project_subprojects/2"
time="2025-05-18 19:48:53" level=info msg="200 GET /api/v1/project_users/2"
time="2025-05-18 19:48:53" level=error msg="404 GET /api/v1/kanban/project/2"
time="2025-05-18 19:48:53" level=info msg="200 GET /api/v1/project_users/2"
time="2025-05-18 19:48:57" level=info msg="201 POST /api/v1/kanban/"
time="2025-05-18 19:48:57" level=info msg="200 GET /api/v1/user_projects/1"
time="2025-05-18 19:48:57" level=info msg="200 GET /api/v1/user_shared_projects/1"
time="2025-05-18 19:48:57" level=info msg="200 GET /api/v1/project_subprojects/2"
time="2025-05-18 19:48:57" level=info msg="200 GET /api/v1/kanban/project/2"
time="2025-05-18 19:48:57" level=info msg="200 GET /api/v1/user_projects/1"
time="2025-05-18 19:48:57" level=info msg="200 GET /api/v1/user_shared_projects/1"
time="2025-05-18 19:48:57" level=info msg="200 GET /api/v1/kanban_tasks/3"
time="2025-05-18 19:48:57" level=info msg="200 GET /api/v1/project_subprojects/2"
time="2025-05-18 19:48:57" level=info msg="200 GET /api/v1/kanban/project/2"
time="2025-05-18 19:48:57" level=info msg="200 GET /api/v1/project_users/2"
time="2025-05-18 19:48:57" level=info msg="200 GET /api/v1/kanban_tasks/3"
time="2025-05-18 19:48:57" level=info msg="200 GET /api/v1/project_users/2"
time="2025-05-18 19:48:59" level=info msg="201 POST /api/v1/task/"
time="2025-05-18 19:48:59" level=info msg="200 GET /api/v1/user_projects/1"
time="2025-05-18 19:48:59" level=info msg="200 GET /api/v1/user_shared_projects/1"
time="2025-05-18 19:48:59" level=info msg="200 GET /api/v1/project_subprojects/2"
time="2025-05-18 19:48:59" level=info msg="200 GET /api/v1/kanban/project/2"
time="2025-05-18 19:48:59" level=info msg="200 GET /api/v1/user_shared_projects/1"
time="2025-05-18 19:48:59" level=info msg="200 GET /api/v1/user_projects/1"
time="2025-05-18 19:48:59" level=info msg="200 GET /api/v1/kanban_tasks/3"
time="2025-05-18 19:48:59" level=info msg="200 GET /api/v1/project_subprojects/2"
time="2025-05-18 19:48:59" level=info msg="200 GET /api/v1/project_users/2"
time="2025-05-18 19:48:59" level=info msg="200 GET /api/v1/kanban/project/2"
time="2025-05-18 19:48:59" level=info msg="200 GET /api/v1/kanban_tasks/3"
time="2025-05-18 19:48:59" level=info msg="200 GET /api/v1/project_users/2"
time="2025-05-18 19:49:02" level=info msg="200 GET /api/v1/comment/forTask/4"
time="2025-05-18 19:49:08" level=info msg="201 POST /api/v1/comment/forTask"
time="2025-05-18 19:49:08" level=info msg="200 GET /api/v1/comment/forTask/4"
time="2025-05-18 19:49:31" level=info msg="201 POST /api/v1/task/"
time="2025-05-18 19:49:31" level=info msg="200 GET /api/v1/user_projects/1"
time="2025-05-18 19:49:31" level=info msg="200 GET /api/v1/user_shared_projects/1"
time="2025-05-18 19:49:31" level=info msg="200 GET /api/v1/user_projects/1"
time="2025-05-18 19:49:31" level=info msg="200 GET /api/v1/user_shared_projects/1"
time="2025-05-18 19:49:31" level=info msg="200 GET /api/v1/project_subprojects/2"
time="2025-05-18 19:49:31" level=info msg="200 GET /api/v1/project_subprojects/2"
time="2025-05-18 19:49:31" level=info msg="200 GET /api/v1/kanban/project/2"
time="2025-05-18 19:49:31" level=info msg="200 GET /api/v1/kanban/project/2"
time="2025-05-18 19:49:31" level=info msg="200 GET /api/v1/kanban_tasks/3"
time="2025-05-18 19:49:31" level=info msg="200 GET /api/v1/kanban_tasks/3"
time="2025-05-18 19:49:31" level=info msg="200 GET /api/v1/project_users/2"
time="2025-05-18 19:49:31" level=info msg="200 GET /api/v1/project_users/2"
time="2025-05-18 19:49:32" level=info msg="200 GET /api/v1/comment/forTask/5"
time="2025-05-18 19:49:34" level=info msg="201 POST /api/v1/comment/forTask"
time="2025-05-18 19:49:34" level=info msg="200 GET /api/v1/comment/forTask/5"
time="2025-05-18 19:49:46" level=info msg="200 PUT /api/v1/task/5"
time="2025-05-18 19:50:05" level=info msg="200 PUT /api/v1/task/5"
time="2025-05-18 19:50:05" level=info msg="200 GET /api/v1/user_projects/1"
time="2025-05-18 19:50:05" level=info msg="200 GET /api/v1/user_shared_projects/1"
time="2025-05-18 19:50:05" level=info msg="200 GET /api/v1/user_shared_projects/1"
time="2025-05-18 19:50:05" level=info msg="200 GET /api/v1/project_subprojects/2"
time="2025-05-18 19:50:05" level=info msg="200 GET /api/v1/kanban/project/2"
time="2025-05-18 19:50:05" level=info msg="200 GET /api/v1/kanban_tasks/3"
time="2025-05-18 19:50:05" level=info msg="200 GET /api/v1/user_projects/1"
time="2025-05-18 19:50:05" level=info msg="200 GET /api/v1/project_users/2"
time="2025-05-18 19:50:05" level=info msg="200 GET /api/v1/project_subprojects/2"
time="2025-05-18 19:50:05" level=info msg="200 GET /api/v1/kanban/project/2"
time="2025-05-18 19:50:05" level=info msg="200 GET /api/v1/kanban_tasks/3"
time="2025-05-18 19:50:06" level=info msg="200 GET /api/v1/project_users/2"
time="2025-05-18 19:50:07" level=info msg="200 GET /api/v1/comment/forTask/5"
time="2025-05-18 19:50:08" level=info msg="200 PUT /api/v1/task/5"
time="2025-05-18 19:50:12" level=info msg="200 PUT /api/v1/task/5"
time="2025-05-18 19:50:13" level=info msg="200 GET /api/v1/user_shared_projects/1"
time="2025-05-18 19:50:13" level=info msg="200 GET /api/v1/user_projects/1"
time="2025-05-18 19:50:13" level=info msg="200 GET /api/v1/project_subprojects/2"
time="2025-05-18 19:50:13" level=info msg="200 GET /api/v1/kanban/project/2"
time="2025-05-18 19:50:13" level=info msg="200 GET /api/v1/user_shared_projects/1"
time="2025-05-18 19:50:13" level=info msg="200 GET /api/v1/kanban_tasks/3"
time="2025-05-18 19:50:13" level=info msg="200 GET /api/v1/user_projects/1"
time="2025-05-18 19:50:13" level=info msg="200 GET /api/v1/project_subprojects/2"
time="2025-05-18 19:50:13" level=info msg="200 GET /api/v1/project_users/2"
time="2025-05-18 19:50:13" level=info msg="200 GET /api/v1/kanban/project/2"
time="2025-05-18 19:50:13" level=info msg="200 GET /api/v1/kanban_tasks/3"
time="2025-05-18 19:50:13" level=info msg="200 GET /api/v1/project_users/2"
time="2025-05-18 19:50:14" level=info msg="200 GET /api/v1/comment/forTask/5"
time="2025-05-18 19:56:04" level=info msg="200 GET /api/v1/comment/forTask/3"
time="2025-05-18 19:56:04" level=info msg="200 GET /api/v1/comment/forTask/5"
time="2025-05-18 19:56:06" level=info msg="200 GET /api/v1/user_projects/1"
time="2025-05-18 19:56:06" level=info msg="200 GET /api/v1/user_shared_projects/1"
time="2025-05-18 19:56:06" level=info msg="200 GET /api/v1/project_subprojects/2"
time="2025-05-18 19:56:06" level=info msg="200 GET /api/v1/kanban/project/2"
time="2025-05-18 19:56:06" level=info msg="200 GET /api/v1/user_shared_projects/1"
time="2025-05-18 19:56:06" level=info msg="200 GET /api/v1/user_projects/1"
time="2025-05-18 19:56:06" level=info msg="200 GET /api/v1/kanban_tasks/3"
time="2025-05-18 19:56:06" level=info msg="200 GET /api/v1/project_subprojects/2"
time="2025-05-18 19:56:06" level=info msg="200 GET /api/v1/project_users/2"
time="2025-05-18 19:56:06" level=info msg="200 GET /api/v1/kanban/project/2"
time="2025-05-18 19:56:06" level=info msg="200 GET /api/v1/kanban_tasks/3"
time="2025-05-18 19:56:06" level=info msg="200 GET /api/v1/project_users/2"
time="2025-05-18 19:56:18" level=info msg="200 GET /api/v1/comment/forTask/3"
time="2025-05-18 19:56:21" level=info msg="200 GET /api/v1/comment/forTask/4"
time="2025-05-18 19:56:27" level=info msg="200 GET /api/v1/comment/forTask/4"
time="2025-05-18 19:56:27" level=info msg="200 GET /api/v1/comment/forTask/3"
time="2025-05-18 19:56:42" level=info msg="200 GET /api/v1/user_projects/1"
time="2025-05-18 19:56:42" level=info msg="200 GET /api/v1/project_subprojects/2"
time="2025-05-18 19:56:42" level=info msg="200 GET /api/v1/user_shared_projects/1"
time="2025-05-18 19:56:42" level=info msg="200 GET /api/v1/kanban/project/2"
time="2025-05-18 19:56:42" level=info msg="200 GET /api/v1/kanban_tasks/3"
time="2025-05-18 19:56:42" level=info msg="200 GET /api/v1/project_users/2"
time="2025-05-18 19:56:42" level=info msg="200 GET /api/v1/user_projects/1"
time="2025-05-18 19:56:42" level=info msg="200 GET /api/v1/user_shared_projects/1"
time="2025-05-18 19:56:42" level=info msg="200 GET /api/v1/project_subprojects/2"
time="2025-05-18 19:56:42" level=info msg="200 GET /api/v1/kanban/project/2"
time="2025-05-18 19:56:42" level=info msg="200 GET /api/v1/kanban_tasks/3"
time="2025-05-18 19:56:42" level=info msg="200 GET /api/v1/project_users/2"
time="2025-05-18 19:56:45" level=info msg="201 POST /api/v1/task/"
time="2025-05-18 19:56:45" level=info msg="200 GET /api/v1/user_projects/1"
time="2025-05-18 19:56:45" level=info msg="200 GET /api/v1/user_shared_projects/1"
time="2025-05-18 19:56:45" level=info msg="200 GET /api/v1/project_subprojects/2"
time="2025-05-18 19:56:45" level=info msg="200 GET /api/v1/kanban/project/2"
time="2025-05-18 19:56:45" level=info msg="200 GET /api/v1/user_shared_projects/1"
time="2025-05-18 19:56:45" level=info msg="200 GET /api/v1/kanban_tasks/3"
time="2025-05-18 19:56:45" level=info msg="200 GET /api/v1/user_projects/1"
time="2025-05-18 19:56:45" level=info msg="200 GET /api/v1/project_subprojects/2"
time="2025-05-18 19:56:45" level=info msg="200 GET /api/v1/project_users/2"
time="2025-05-18 19:56:45" level=info msg="200 GET /api/v1/kanban/project/2"
time="2025-05-18 19:56:45" level=info msg="200 GET /api/v1/kanban_tasks/3"
time="2025-05-18 19:56:45" level=info msg="200 GET /api/v1/project_users/2"
time="2025-05-18 19:56:47" level=info msg="200 GET /api/v1/comment/forTask/6"
time="2025-05-18 20:00:09" level=info msg="200 GET /api/v1/comment/forTask/6"
time="2025-05-18 20:00:37" level=info msg="200 GET /api/v1/user_shared_projects/1"
time="2025-05-18 20:00:37" level=info msg="200 GET /api/v1/user_projects/1"
time="2025-05-18 20:00:37" level=info msg="200 GET /api/v1/project_subprojects/2"
time="2025-05-18 20:00:37" level=info msg="200 GET /api/v1/kanban/project/2"
time="2025-05-18 20:00:37" level=info msg="200 GET /api/v1/user_projects/1"
time="2025-05-18 20:00:37" level=info msg="200 GET /api/v1/user_shared_projects/1"
time="2025-05-18 20:00:37" level=info msg="200 GET /api/v1/kanban_tasks/3"
time="2025-05-18 20:00:37" level=info msg="200 GET /api/v1/project_subprojects/2"
time="2025-05-18 20:00:37" level=info msg="200 GET /api/v1/kanban/project/2"
time="2025-05-18 20:00:37" level=info msg="200 GET /api/v1/project_users/2"
time="2025-05-18 20:00:37" level=info msg="200 GET /api/v1/kanban_tasks/3"
time="2025-05-18 20:00:37" level=info msg="200 GET /api/v1/project_users/2"
time="2025-05-18 23:55:46" level=info msg="200 GET /api/v1/user_projects/1"
time="2025-05-18 23:55:46" level=info msg="200 GET /api/v1/user_shared_projects/1"
time="2025-05-18 23:55:46" level=info msg="200 GET /api/v1/project_subprojects/2"
time="2025-05-18 23:55:46" level=info msg="200 GET /api/v1/kanban/project/2"
time="2025-05-18 23:55:46" level=info msg="200 GET /api/v1/kanban_tasks/3"
time="2025-05-18 23:55:46" level=info msg="200 GET /api/v1/project_users/2"
time="2025-05-18 23:55:46" level=info msg="200 GET /api/v1/user_projects/1"
time="2025-05-18 23:55:46" level=info msg="200 GET /api/v1/user_shared_projects/1"
time="2025-05-18 23:55:46" level=info msg="200 GET /api/v1/project_subprojects/2"
time="2025-05-18 23:55:46" level=info msg="200 GET /api/v1/kanban/project/2"
time="2025-05-18 23:55:46" level=info msg="200 GET /api/v1/kanban_tasks/3"
time="2025-05-18 23:55:46" level=info msg="200 GET /api/v1/project_users/2"
time="2025-05-18 23:55:48" level=info msg="200 GET /api/v1/user_projects/1"
time="2025-05-18 23:55:48" level=info msg="200 GET /api/v1/user_shared_projects/1"
time="2025-05-18 23:55:48" level=info msg="200 GET /api/v1/project_subprojects/2"
time="2025-05-18 23:55:48" level=info msg="200 GET /api/v1/user_shared_projects/1"
time="2025-05-18 23:55:48" level=info msg="200 GET /api/v1/user_projects/1"
time="2025-05-18 23:55:48" level=info msg="200 GET /api/v1/kanban/project/2"
time="2025-05-18 23:55:48" level=info msg="200 GET /api/v1/project_subprojects/2"
time="2025-05-18 23:55:48" level=info msg="200 GET /api/v1/kanban_tasks/3"
time="2025-05-18 23:55:48" level=info msg="200 GET /api/v1/kanban/project/2"
time="2025-05-18 23:55:48" level=info msg="200 GET /api/v1/project_users/2"
time="2025-05-18 23:55:48" level=info msg="200 GET /api/v1/kanban_tasks/3"
time="2025-05-18 23:55:48" level=info msg="200 GET /api/v1/user/1/tasks"
time="2025-05-18 23:55:48" level=info msg="200 GET /api/v1/user/1/tasks"
time="2025-05-18 23:55:48" level=info msg="200 GET /api/v1/project_users/2"
time="2025-05-18 23:55:50" level=info msg="200 GET /api/v1/user_projects/1"
time="2025-05-18 23:55:50" level=info msg="200 GET /api/v1/user_shared_projects/1"
time="2025-05-18 23:55:50" level=info msg="200 GET /api/v1/project_subprojects/2"
time="2025-05-18 23:55:50" level=info msg="200 GET /api/v1/kanban/project/2"
time="2025-05-18 23:55:50" level=info msg="200 GET /api/v1/user_projects/1"
time="2025-05-18 23:55:50" level=info msg="200 GET /api/v1/kanban_tasks/3"
time="2025-05-18 23:55:50" level=info msg="200 GET /api/v1/user_shared_projects/1"
time="2025-05-18 23:55:50" level=info msg="200 GET /api/v1/project_subprojects/2"
time="2025-05-18 23:55:50" level=info msg="200 GET /api/v1/project_users/2"
time="2025-05-18 23:55:50" level=info msg="200 GET /api/v1/kanban/project/2"
time="2025-05-18 23:55:50" level=info msg="200 GET /api/v1/user/1/tasks"
time="2025-05-18 23:55:50" level=info msg="200 GET /api/v1/user/1/tasks"
time="2025-05-18 23:55:50" level=info msg="200 GET /api/v1/kanban_tasks/3"
time="2025-05-18 23:55:50" level=info msg="200 GET /api/v1/project_users/2"
time="2025-05-18 23:55:55" level=info msg="200 GET /api/v1/comment/forTask/6"
time="2025-05-18 23:55:57" level=info msg="201 POST /api/v1/comment/forTask"
time="2025-05-18 23:55:57" level=info msg="200 GET /api/v1/comment/forTask/6"
time="2025-05-18 23:55:59" level=info msg="200 PUT /api/v1/task/6"
time="2025-05-18 23:56:02" level=info msg="200 GET /api/v1/user/1/tasks"
time="2025-05-18 23:56:02" level=info msg="200 GET /api/v1/user/1/tasks"
time="2025-05-18 23:56:09" level=info msg="200 GET /api/v1/comment/forTask/6"
time="2025-05-18 23:56:11" level=info msg="200 PUT /api/v1/task/6"
time="2025-05-18 23:56:12" level=info msg="200 PUT /api/v1/task/6"
time="2025-05-18 23:56:12" level=info msg="200 GET /api/v1/user_projects/1"
time="2025-05-18 23:56:12" level=info msg="200 GET /api/v1/user_shared_projects/1"
time="2025-05-18 23:56:12" level=info msg="200 GET /api/v1/project_subprojects/2"
time="2025-05-18 23:56:12" level=info msg="200 GET /api/v1/kanban/project/2"
time="2025-05-18 23:56:12" level=info msg="200 GET /api/v1/user_projects/1"
time="2025-05-18 23:56:12" level=info msg="200 GET /api/v1/project_subprojects/2"
time="2025-05-18 23:56:12" level=info msg="200 GET /api/v1/kanban_tasks/3"
time="2025-05-18 23:56:12" level=info msg="200 GET /api/v1/user_shared_projects/1"
time="2025-05-18 23:56:12" level=info msg="200 GET /api/v1/kanban/project/2"
time="2025-05-18 23:56:12" level=info msg="200 GET /api/v1/project_users/2"
time="2025-05-18 23:56:12" level=info msg="200 GET /api/v1/kanban_tasks/3"
time="2025-05-18 23:56:12" level=info msg="200 GET /api/v1/project_users/2"
time="2025-05-18 23:56:19" level=info msg="201 POST /api/v1/kanban/"
time="2025-05-18 23:56:19" level=info msg="200 GET /api/v1/user_projects/1"
time="2025-05-18 23:56:19" level=info msg="200 GET /api/v1/user_shared_projects/1"
time="2025-05-18 23:56:19" level=info msg="200 GET /api/v1/project_subprojects/2"
time="2025-05-18 23:56:19" level=info msg="200 GET /api/v1/kanban/project/2"
time="2025-05-18 23:56:19" level=info msg="200 GET /api/v1/user_projects/1"
time="2025-05-18 23:56:19" level=info msg="200 GET /api/v1/user_shared_projects/1"
time="2025-05-18 23:56:19" level=info msg="200 GET /api/v1/kanban_tasks/3"
time="2025-05-18 23:56:20" level=info msg="200 GET /api/v1/kanban_tasks/4"
time="2025-05-18 23:56:20" level=info msg="200 GET /api/v1/project_users/2"
time="2025-05-18 23:56:20" level=info msg="200 GET /api/v1/project_subprojects/2"
time="2025-05-18 23:56:20" level=info msg="200 GET /api/v1/kanban/project/2"
time="2025-05-18 23:56:20" level=info msg="200 GET /api/v1/kanban_tasks/3"
time="2025-05-18 23:56:20" level=info msg="200 GET /api/v1/kanban_tasks/4"
time="2025-05-18 23:56:20" level=info msg="200 GET /api/v1/project_users/2"
time="2025-05-18 23:56:22" level=info msg="201 POST /api/v1/task/"
time="2025-05-18 23:56:22" level=info msg="200 GET /api/v1/user_shared_projects/1"
time="2025-05-18 23:56:22" level=info msg="200 GET /api/v1/user_projects/1"
time="2025-05-18 23:56:22" level=info msg="200 GET /api/v1/project_subprojects/2"
time="2025-05-18 23:56:22" level=info msg="200 GET /api/v1/kanban/project/2"
time="2025-05-18 23:56:22" level=info msg="200 GET /api/v1/user_projects/1"
time="2025-05-18 23:56:22" level=info msg="200 GET /api/v1/user_shared_projects/1"
time="2025-05-18 23:56:22" level=info msg="200 GET /api/v1/kanban_tasks/3"
time="2025-05-18 23:56:22" level=info msg="200 GET /api/v1/kanban_tasks/4"
time="2025-05-18 23:56:22" level=info msg="200 GET /api/v1/project_subprojects/2"
time="2025-05-18 23:56:22" level=info msg="200 GET /api/v1/kanban/project/2"
time="2025-05-18 23:56:22" level=info msg="200 GET /api/v1/project_users/2"
time="2025-05-18 23:56:22" level=info msg="200 GET /api/v1/kanban_tasks/4"
time="2025-05-18 23:56:22" level=info msg="200 GET /api/v1/kanban_tasks/3"
time="2025-05-18 23:56:22" level=info msg="200 GET /api/v1/project_users/2"
time="2025-05-18 23:56:24" level=info msg="201 POST /api/v1/task/"
time="2025-05-18 23:56:24" level=info msg="200 GET /api/v1/user_shared_projects/1"
time="2025-05-18 23:56:24" level=info msg="200 GET /api/v1/user_projects/1"
time="2025-05-18 23:56:24" level=info msg="200 GET /api/v1/project_subprojects/2"
time="2025-05-18 23:56:24" level=info msg="200 GET /api/v1/kanban/project/2"
time="2025-05-18 23:56:24" level=info msg="200 GET /api/v1/user_projects/1"
time="2025-05-18 23:56:24" level=info msg="200 GET /api/v1/user_shared_projects/1"
time="2025-05-18 23:56:24" level=info msg="200 GET /api/v1/kanban_tasks/4"
time="2025-05-18 23:56:24" level=info msg="200 GET /api/v1/kanban_tasks/3"
time="2025-05-18 23:56:24" level=info msg="200 GET /api/v1/project_users/2"
time="2025-05-18 23:56:24" level=info msg="200 GET /api/v1/project_subprojects/2"
time="2025-05-18 23:56:24" level=info msg="200 GET /api/v1/kanban/project/2"
time="2025-05-18 23:56:24" level=info msg="200 GET /api/v1/kanban_tasks/3"
time="2025-05-18 23:56:24" level=info msg="200 GET /api/v1/kanban_tasks/4"
time="2025-05-18 23:56:24" level=info msg="200 GET /api/v1/project_users/2"
time="2025-05-18 23:56:38" level=info msg="200 PUT /api/v1/task/6"
time="2025-05-18 23:56:42" level=info msg="200 GET /api/v1/comment/forTask/6"
time="2025-05-18 23:56:49" level=info msg="200 GET /api/v1/user/1/tasks"
time="2025-05-18 23:56:49" level=info msg="200 GET /api/v1/user/1/tasks"
time="2025-05-19 00:16:23" level=error msg="500 GET /api/v1/user_projects/1"
time="2025-05-19 00:16:23" level=error msg="500 GET /api/v1/user_projects/1"
time="2025-05-19 00:16:23" level=error msg="500 GET /api/v1/user_shared_projects/1"
time="2025-05-19 00:16:23" level=error msg="500 GET /api/v1/user_shared_projects/1"
time="2025-05-19 00:16:23" level=error msg="500 GET /api/v1/user/1/tasks"
time="2025-05-19 00:16:23" level=error msg="500 GET /api/v1/user/1/tasks"
time="2025-05-19 00:28:10" level=error msg="500 GET /api/v1/user_projects/1"
time="2025-05-19 00:28:10" level=error msg="500 GET /api/v1/user_shared_projects/1"
time="2025-05-19 00:28:10" level=error msg="500 GET /api/v1/user_shared_projects/1"
time="2025-05-19 00:28:10" level=error msg="500 GET /api/v1/user_projects/1"
time="2025-05-19 00:28:10" level=error msg="500 GET /api/v1/user/1/tasks"
time="2025-05-19 00:28:10" level=error msg="500 GET /api/v1/user/1/tasks"
time="2025-05-19 20:52:55" level=error msg="500 GET /api/v1/user_projects/1"
time="2025-05-19 20:52:55" level=error msg="500 GET /api/v1/user_shared_projects/1"
time="2025-05-19 20:52:55" level=error msg="500 GET /api/v1/user_projects/1"
time="2025-05-19 20:52:55" level=error msg="500 GET /api/v1/user_shared_projects/1"
