time="2025-04-29 20:41:03" level=info msg="Starting DataTask"
time="2025-04-29 20:41:03" level=info msg="set up swagger" base_path=/api/v1 version=1
time="2025-04-29 20:41:03" level=info msg="running app" host= port=8080
time="2025-04-29 20:42:14" level=error msg="400 POST /api/v1/users/create"
time="2025-04-29 20:44:12" level=info msg="Starting DataTask"
time="2025-04-29 20:44:12" level=info msg="set up swagger" base_path=/api/v1 version=1
time="2025-04-29 20:44:12" level=info msg="running app" host= port=8080
time="2025-04-29 20:44:13" level=error msg="400 POST /api/v1/users/create"
time="2025-04-29 20:44:14" level=error msg="400 POST /api/v1/users/create"
time="2025-04-29 20:44:33" level=info msg="Starting DataTask"
time="2025-04-29 20:44:33" level=info msg="set up swagger" base_path=/api/v1 version=1
time="2025-04-29 20:44:33" level=info msg="running app" host= port=8080
time="2025-04-29 20:44:34" level=error msg="400 POST /api/v1/users/create"
time="2025-04-29 20:44:35" level=error msg="400 POST /api/v1/users/create"
time="2025-04-29 20:44:41" level=error msg="400 POST /api/v1/users/create"
time="2025-04-29 20:44:49" level=error msg="400 POST /api/v1/users/create"
time="2025-04-29 20:45:24" level=error msg="400 POST /api/v1/users/create"
time="2025-04-29 20:46:01" level=info msg="Starting DataTask"
time="2025-04-29 20:46:01" level=info msg="set up swagger" base_path=/api/v1 version=1
time="2025-04-29 20:46:01" level=info msg="running app" host= port=8080
time="2025-04-29 20:46:04" level=error msg="400 POST /api/v1/users/create"
time="2025-04-29 22:46:59" level=info msg="Starting DataTask"
time="2025-04-29 22:46:59" level=info msg="Try connect to pg:postgres://:@:/?sslmode=disable"
time="2025-04-29 22:46:59" level=warning msg="DB not ready (attempt 1/10), retrying in 2s..."
time="2025-04-29 22:47:01" level=warning msg="DB not ready (attempt 2/10), retrying in 2s..."
time="2025-04-29 22:47:03" level=warning msg="DB not ready (attempt 3/10), retrying in 2s..."
time="2025-04-29 22:47:05" level=warning msg="DB not ready (attempt 4/10), retrying in 2s..."
time="2025-04-29 22:50:33" level=info msg="Starting DataTask"
time="2025-04-29 22:50:33" level=info msg="Try connect to pg:postgres://:@:/?sslmode=disable"
time="2025-04-29 22:50:33" level=warning msg="DB not ready (attempt 1/10), retrying in 2s..."
time="2025-04-29 22:50:35" level=warning msg="DB not ready (attempt 2/10), retrying in 2s..."
time="2025-04-29 22:51:28" level=info msg="Starting DataTask"
time="2025-04-29 22:51:28" level=info msg="Try connect to pg:postgres://:@:/?sslmode=disable"
time="2025-04-29 22:51:28" level=warning msg="DB not ready (attempt 1/10), retrying in 2s..."
time="2025-04-29 22:55:13" level=info msg="Starting DataTask"
time="2025-04-29 22:55:13" level=info msg="Try connect to pg:postgres://:@:/?sslmode=disable"
time="2025-04-29 22:55:13" level=warning msg="DB not ready (attempt 1/10), retrying in 2s..."
time="2025-04-29 22:55:15" level=warning msg="DB not ready (attempt 2/10), retrying in 2s..."
time="2025-04-29 22:55:17" level=warning msg="DB not ready (attempt 3/10), retrying in 2s..."
time="2025-04-29 22:55:40" level=info msg="Starting DataTask"
time="2025-04-29 22:55:40" level=info msg=secret
time="2025-04-29 22:55:40" level=info msg="Try connect to pg:postgres://:@:/?sslmode=disable"
time="2025-04-29 22:55:40" level=warning msg="DB not ready (attempt 1/10), retrying in 2s..."
time="2025-04-29 22:55:42" level=warning msg="DB not ready (attempt 2/10), retrying in 2s..."
time="2025-04-29 22:58:32" level=info msg="Starting DataTask"
time="2025-04-29 22:58:32" level=info msg=secret
time="2025-04-29 22:58:32" level=info msg="Try connect to pg:postgres://:@:/?sslmode=disable"
time="2025-04-29 22:58:32" level=warning msg="DB not ready (attempt 1/10), retrying in 2s..."
time="2025-04-29 22:58:57" level=info msg="Starting DataTask"
time="2025-04-29 22:58:57" level=info msg=secret
time="2025-04-29 22:58:57" level=info msg="Try connect to pg:postgres://:@:/?sslmode=disable"
time="2025-04-29 22:58:57" level=warning msg="DB not ready (attempt 1/10), retrying in 2s..."
time="2025-04-29 22:59:36" level=info msg="Starting DataTask"
time="2025-04-29 22:59:36" level=info msg=secret
time="2025-04-29 22:59:36" level=info msg=secret
time="2025-04-29 22:59:36" level=info msg="Try connect to pg:postgres://:@:/?sslmode=disable"
time="2025-04-29 22:59:36" level=warning msg="DB not ready (attempt 1/10), retrying in 2s..."
time="2025-04-29 22:59:45" level=info msg="Starting DataTask"
time="2025-04-29 22:59:45" level=info msg=secret
time="2025-04-29 22:59:45" level=info
time="2025-04-29 22:59:45" level=info msg="Try connect to pg:postgres://:@:/?sslmode=disable"
time="2025-04-29 22:59:45" level=warning msg="DB not ready (attempt 1/10), retrying in 2s..."
time="2025-04-29 22:59:47" level=warning msg="DB not ready (attempt 2/10), retrying in 2s..."
time="2025-04-29 22:59:49" level=warning msg="DB not ready (attempt 3/10), retrying in 2s..."
time="2025-04-29 22:59:51" level=warning msg="DB not ready (attempt 4/10), retrying in 2s..."
time="2025-04-29 22:59:53" level=warning msg="DB not ready (attempt 5/10), retrying in 2s..."
time="2025-04-29 22:59:55" level=warning msg="DB not ready (attempt 6/10), retrying in 2s..."
time="2025-04-29 22:59:57" level=warning msg="DB not ready (attempt 7/10), retrying in 2s..."
time="2025-04-29 22:59:59" level=warning msg="DB not ready (attempt 8/10), retrying in 2s..."
time="2025-04-29 23:00:01" level=warning msg="DB not ready (attempt 9/10), retrying in 2s..."
time="2025-04-29 23:00:03" level=warning msg="DB not ready (attempt 10/10), retrying in 2s..."
time="2025-04-29 23:00:05" level=error msg="database not available after 10 attempts: sql: unknown driver \"postgres\" (forgotten import?)"
time="2025-04-29 23:00:12" level=info msg="Starting DataTask"
time="2025-04-29 23:00:12" level=info msg=secret
time="2025-04-29 23:00:12" level=info msg="Try connect to pg:postgres://:@:/?sslmode=disable"
time="2025-04-29 23:00:12" level=warning msg="DB not ready (attempt 1/10), retrying in 2s..."
time="2025-04-29 23:00:14" level=warning msg="DB not ready (attempt 2/10), retrying in 2s..."
time="2025-04-29 23:00:24" level=info msg="Starting DataTask"
time="2025-04-29 23:00:24" level=info msg=secret
time="2025-04-29 23:00:24" level=info
time="2025-04-29 23:00:24" level=info msg="Try connect to pg:postgres://:@:/?sslmode=disable"
time="2025-04-29 23:00:24" level=warning msg="DB not ready (attempt 1/10), retrying in 2s..."
time="2025-04-29 23:00:38" level=info msg="Starting DataTask"
time="2025-04-29 23:00:38" level=info msg=secret
time="2025-04-29 23:00:38" level=info
time="2025-04-29 23:00:38" level=info msg="Try connect to pg:postgres://:@:/?sslmode=disable"
time="2025-04-29 23:00:38" level=warning msg="DB not ready (attempt 1/10), retrying in 2s..."
time="2025-04-29 23:00:51" level=info msg="Starting DataTask"
time="2025-04-29 23:00:51" level=info msg=secret
time="2025-04-29 23:00:51" level=info
time="2025-04-29 23:00:51" level=info msg="Try connect to pg:postgres://:@:/?sslmode=disable"
time="2025-04-29 23:00:51" level=warning msg="DB not ready (attempt 1/10), retrying in 2s..."
time="2025-04-29 23:01:18" level=info msg="Starting DataTask"
time="2025-04-29 23:01:18" level=info msg=secret
time="2025-04-29 23:01:18" level=info
time="2025-04-29 23:01:18" level=info msg="Try connect to pg:postgres://:@:/?sslmode=disable"
time="2025-04-29 23:01:18" level=warning msg="DB not ready (attempt 1/10), retrying in 2s..."
time="2025-04-29 23:01:20" level=warning msg="DB not ready (attempt 2/10), retrying in 2s..."
time="2025-04-29 23:01:22" level=warning msg="DB not ready (attempt 3/10), retrying in 2s..."
time="2025-04-29 23:01:24" level=warning msg="DB not ready (attempt 4/10), retrying in 2s..."
time="2025-04-29 23:01:26" level=warning msg="DB not ready (attempt 5/10), retrying in 2s..."
time="2025-04-29 23:01:28" level=warning msg="DB not ready (attempt 6/10), retrying in 2s..."
time="2025-04-29 23:01:30" level=warning msg="DB not ready (attempt 7/10), retrying in 2s..."
time="2025-04-29 23:01:32" level=warning msg="DB not ready (attempt 8/10), retrying in 2s..."
time="2025-04-29 23:01:36" level=info msg="Starting DataTask"
time="2025-04-29 23:01:36" level=info
time="2025-04-29 23:01:36" level=info
time="2025-04-29 23:01:36" level=info msg="Try connect to pg:postgres://:@:/?sslmode=disable"
time="2025-04-29 23:01:36" level=warning msg="DB not ready (attempt 1/10), retrying in 2s..."
time="2025-04-29 23:04:00" level=info msg="Starting DataTask"
time="2025-04-29 23:04:00" level=info msg=secret
time="2025-04-29 23:04:00" level=info msg=host
time="2025-04-29 23:04:00" level=info msg="Try connect to pg:postgres://user:pass@host:5432/base?sslmode=disable"
time="2025-04-29 23:04:00" level=warning msg="DB not ready (attempt 1/10), retrying in 2s..."
time="2025-04-29 23:04:02" level=warning msg="DB not ready (attempt 2/10), retrying in 2s..."
time="2025-04-29 23:05:35" level=info msg="Starting DataTask"
time="2025-04-29 23:05:35" level=info msg=secret
time="2025-04-29 23:05:35" level=info msg=host
time="2025-04-29 23:05:35" level=info msg="Try connect to pg:postgres://postgres:postgres@localhost:5432/datatask?sslmode=disable"
time="2025-04-29 23:05:35" level=warning msg="DB not ready (attempt 1/10), retrying in 2s..."
time="2025-04-29 23:05:37" level=warning msg="DB not ready (attempt 2/10), retrying in 2s..."
time="2025-04-29 23:05:39" level=warning msg="DB not ready (attempt 3/10), retrying in 2s..."
time="2025-04-29 23:05:41" level=warning msg="DB not ready (attempt 4/10), retrying in 2s..."
time="2025-04-29 23:05:43" level=warning msg="DB not ready (attempt 5/10), retrying in 2s..."
time="2025-04-29 23:06:01" level=info msg="Starting DataTask"
time="2025-04-29 23:06:01" level=info msg=secret
time="2025-04-29 23:06:01" level=info msg=host
time="2025-04-29 23:06:01" level=info msg="Try connect to pg:postgres://admin:1ZRUddZ3VF93IZngG6g9@localhost:5432/datatask?sslmode=disable"
time="2025-04-29 23:06:01" level=warning msg="DB not ready (attempt 1/10), retrying in 2s..."
time="2025-04-29 23:06:03" level=warning msg="DB not ready (attempt 2/10), retrying in 2s..."
time="2025-04-29 23:06:05" level=warning msg="DB not ready (attempt 3/10), retrying in 2s..."
time="2025-04-29 23:06:08" level=info msg="Starting DataTask"
time="2025-04-29 23:06:08" level=info msg=secret
time="2025-04-29 23:06:08" level=info msg=host
time="2025-04-29 23:06:08" level=info msg="Try connect to pg:postgres://postgres:1ZRUddZ3VF93IZngG6g9@localhost:5432/datatask?sslmode=disable"
time="2025-04-29 23:06:08" level=warning msg="DB not ready (attempt 1/10), retrying in 2s..."
time="2025-04-29 23:06:10" level=warning msg="DB not ready (attempt 2/10), retrying in 2s..."
time="2025-04-29 23:06:39" level=info msg="Starting DataTask"
time="2025-04-29 23:06:39" level=info msg=secret
time="2025-04-29 23:06:39" level=info msg=host
time="2025-04-29 23:06:39" level=info msg="Try connect to pg:postgres://postgres:postgres@localhost:5432/datatask?sslmode=disable"
time="2025-04-29 23:06:39" level=warning msg="DB not ready (attempt 1/10), retrying in 2s..."
time="2025-04-29 23:06:41" level=warning msg="DB not ready (attempt 2/10), retrying in 2s..."
time="2025-04-29 23:07:32" level=info msg="Starting DataTask"
time="2025-04-29 23:07:32" level=info msg=secret
time="2025-04-29 23:07:32" level=info msg=host
time="2025-04-29 23:07:32" level=info msg="Try connect to pg:postgres://postgres:postgres@localhost:5432/datatask?sslmode=disable"
time="2025-04-29 23:07:32" level=warning msg="sql: unknown driver \"postgres\" (forgotten import?)"
time="2025-04-29 23:07:32" level=warning msg="DB not ready (attempt 1/10), retrying in 2s..."
time="2025-04-29 23:07:34" level=warning msg="sql: unknown driver \"postgres\" (forgotten import?)"
time="2025-04-29 23:07:34" level=warning msg="DB not ready (attempt 2/10), retrying in 2s..."
time="2025-04-29 23:09:02" level=info msg="Starting DataTask"
time="2025-04-29 23:09:02" level=info msg=secret
time="2025-04-29 23:09:02" level=info msg=host
time="2025-04-29 23:09:02" level=info msg="Try connect to pg:postgres://postgres:postgres@localhost:5432/datatask?sslmode=disable"
time="2025-04-29 23:09:02" level=warning msg="sql: unknown driver \"postgres\" (forgotten import?)"
time="2025-04-29 23:09:02" level=warning msg="DB not ready (attempt 1/10), retrying in 2s..."
time="2025-04-29 23:09:04" level=warning msg="sql: unknown driver \"postgres\" (forgotten import?)"
time="2025-04-29 23:09:04" level=warning msg="DB not ready (attempt 2/10), retrying in 2s..."
time="2025-04-29 23:09:23" level=info msg="Starting DataTask"
time="2025-04-29 23:09:23" level=info msg=secret
time="2025-04-29 23:09:23" level=info msg=host
time="2025-04-29 23:09:23" level=info msg="Try connect to pg:postgres://postgres:postgres@localhost:5432/datatask?sslmode=disable"
time="2025-04-29 23:09:23" level=warning msg="sql: unknown driver \"postgres\" (forgotten import?)"
time="2025-04-29 23:09:23" level=warning msg="DB not ready (attempt 1/10), retrying in 2s..."
time="2025-04-29 23:09:25" level=warning msg="sql: unknown driver \"postgres\" (forgotten import?)"
time="2025-04-29 23:09:25" level=warning msg="DB not ready (attempt 2/10), retrying in 2s..."
time="2025-04-29 23:09:27" level=info msg="Starting DataTask"
time="2025-04-29 23:09:27" level=info msg=secret
time="2025-04-29 23:09:27" level=info msg=host
time="2025-04-29 23:09:27" level=info msg="Try connect to pg:postgres://postgres:postgres@localhost:5432/datatask?sslmode=disable"
time="2025-04-29 23:09:27" level=warning msg="sql: unknown driver \"postgres\" (forgotten import?)"
time="2025-04-29 23:09:27" level=warning msg="DB not ready (attempt 1/10), retrying in 2s..."
time="2025-04-29 23:09:55" level=info msg="Starting DataTask"
time="2025-04-29 23:09:55" level=info msg=secret
time="2025-04-29 23:09:55" level=info msg=host
time="2025-04-29 23:09:55" level=info msg="Try connect to pg:postgres://postgres:postgres@localhost:5432/datatask?sslmode=disable"
time="2025-04-29 23:09:55" level=warning msg="sql: unknown driver \"postgres\" (forgotten import?)"
time="2025-04-29 23:09:55" level=warning msg="DB not ready (attempt 1/10), retrying in 2s..."
time="2025-04-29 23:11:03" level=info msg="Starting DataTask"
time="2025-04-29 23:11:03" level=info msg=secret
time="2025-04-29 23:11:03" level=info msg=host
time="2025-04-29 23:11:03" level=info msg="Try connect to pg:postgres://postgres:postgres@localhost:5432/datatask?sslmode=disable"
time="2025-04-29 23:11:03" level=info msg="set up swagger" base_path=/api/v1 version=1
time="2025-04-29 23:11:03" level=info msg="running app" host= port=8080
time="2025-04-29 23:11:21" level=info msg="Starting DataTask"
time="2025-04-29 23:11:21" level=info msg=secret
time="2025-04-29 23:11:21" level=info msg=host
time="2025-04-29 23:11:21" level=info msg="Try connect to pg:postgres://postgres:postgres@localhost:5432/datatask?sslmode=disable"
time="2025-04-29 23:11:21" level=info msg="set up swagger" base_path=/api/v1 version=1
time="2025-04-29 23:11:21" level=info msg="running app" host= port=8080
time="2025-04-29 23:11:24" level=error msg="400 POST /api/v1/users/create"
time="2025-04-29 23:11:28" level=error msg="400 POST /api/v1/users/create"
time="2025-04-29 23:11:44" level=info msg="Starting DataTask"
time="2025-04-29 23:11:44" level=info msg=secret
time="2025-04-29 23:11:44" level=info msg=host
time="2025-04-29 23:11:44" level=info msg="Try connect to pg:postgres://postgres:postgres@localhost:5432/datatask?sslmode=disable"
time="2025-04-29 23:11:44" level=info msg="set up swagger" base_path=/api/v1 version=1
time="2025-04-29 23:11:44" level=info msg="running app" host= port=8080
time="2025-04-29 23:11:46" level=info msg="201 POST /api/v1/users/create"
time="2025-04-29 23:11:48" level=error msg="400 POST /api/v1/users/create"
time="2025-04-29 23:12:27" level=error msg="400 POST /api/v1/users/update"
time="2025-04-29 23:13:22" level=info msg="Starting DataTask"
time="2025-04-29 23:13:22" level=info msg=secret
time="2025-04-29 23:13:22" level=info msg=host
time="2025-04-29 23:13:22" level=info msg="Try connect to pg:postgres://postgres:postgres@localhost:5432/datatask?sslmode=disable"
time="2025-04-29 23:13:22" level=info msg="set up swagger" base_path=/api/v1 version=1
time="2025-04-29 23:13:22" level=info msg="running app" host= port=8080
time="2025-04-29 23:13:23" level=info msg="тут"
time="2025-04-29 23:13:23" level=error msg="400 POST /api/v1/users/update"
time="2025-04-29 23:30:46" level=info msg="Starting DataTask"
time="2025-04-29 23:30:46" level=info msg=secret
time="2025-04-29 23:30:46" level=info msg=host
time="2025-04-29 23:30:46" level=info msg="Try connect to pg:postgres://postgres:postgres@localhost:5432/datatask?sslmode=disable"
time="2025-04-29 23:30:46" level=info msg="set up swagger" base_path=/api/v1 version=1
time="2025-04-29 23:30:46" level=info msg="running app" host= port=8080
time="2025-04-29 23:30:50" level=error msg="400 POST /api/v1/users/update"
time="2025-04-29 23:32:31" level=info msg="Starting DataTask"
time="2025-04-29 23:32:31" level=info msg=secret
time="2025-04-29 23:32:31" level=info msg=host
time="2025-04-29 23:32:31" level=info msg="Try connect to pg:postgres://postgres:postgres@localhost:5432/datatask?sslmode=disable"
time="2025-04-29 23:32:31" level=info msg="set up swagger" base_path=/api/v1 version=1
time="2025-04-29 23:32:31" level=info msg="running app" host= port=8080
time="2025-04-29 23:32:32" level=error msg="400 POST /api/v1/users/update"
time="2025-04-29 23:32:47" level=info msg="200 POST /api/v1/users/create"
time="2025-04-29 23:34:09" level=info msg="Starting DataTask"
time="2025-04-29 23:34:09" level=info msg=secret
time="2025-04-29 23:34:09" level=info msg=host
time="2025-04-29 23:34:09" level=info msg="Try connect to pg:postgres://postgres:postgres@localhost:5432/datatask?sslmode=disable"
time="2025-04-29 23:34:09" level=info msg="set up swagger" base_path=/api/v1 version=1
time="2025-04-29 23:34:09" level=info msg="running app" host= port=8080
time="2025-04-29 23:34:09" level=error msg="400 POST /api/v1/auth/login"
time="2025-04-29 23:34:51" level=info msg="Starting DataTask"
time="2025-04-29 23:34:51" level=info msg=secret
time="2025-04-29 23:34:51" level=info msg=host
time="2025-04-29 23:34:51" level=info msg="Try connect to pg:postgres://postgres:postgres@localhost:5432/datatask?sslmode=disable"
time="2025-04-29 23:34:51" level=info msg="set up swagger" base_path=/api/v1 version=1
time="2025-04-29 23:34:51" level=info msg="running app" host= port=8080
time="2025-04-29 23:34:52" level=error msg="400 POST /api/v1/auth/login"
time="2025-04-29 23:35:04" level=error msg="400 POST /api/v1/auth/login"
time="2025-04-29 23:35:08" level=error msg="400 POST /api/v1/auth/login"
time="2025-04-29 23:35:44" level=error msg="400 POST /api/v1/users/create"
time="2025-04-29 23:35:51" level=error msg="400 POST /api/v1/auth/login"
time="2025-04-29 23:35:52" level=error msg="400 POST /api/v1/auth/login"
time="2025-04-29 23:36:18" level=info msg="Starting DataTask"
time="2025-04-29 23:36:18" level=info msg=secret
time="2025-04-29 23:36:18" level=info msg=host
time="2025-04-29 23:36:18" level=info msg="Try connect to pg:postgres://postgres:postgres@localhost:5432/datatask?sslmode=disable"
time="2025-04-29 23:36:18" level=info msg="set up swagger" base_path=/api/v1 version=1
time="2025-04-29 23:36:18" level=info msg="running app" host= port=8080
time="2025-04-29 23:38:09" level=info msg="Starting DataTask"
time="2025-04-29 23:38:09" level=info msg=secret
time="2025-04-29 23:38:09" level=info msg=host
time="2025-04-29 23:38:09" level=info msg="Try connect to pg:postgres://postgres:postgres@localhost:5432/datatask?sslmode=disable"
time="2025-04-29 23:38:09" level=info msg="set up swagger" base_path=/api/v1 version=1
time="2025-04-29 23:38:09" level=info msg="running app" host= port=8080
time="2025-04-29 23:38:33" level=error msg="400 POST /api/v1/auth/login"
time="2025-04-29 23:38:37" level=info msg="200 POST /api/v1/users/create"
time="2025-04-29 23:38:40" level=info msg="200 POST /api/v1/auth/login"
time="2025-04-29 23:38:42" level=info msg="200 POST /api/v1/auth/login"
time="2025-04-29 23:38:42" level=info msg="200 POST /api/v1/auth/login"
time="2025-04-29 23:39:35" level=info msg="Starting DataTask"
time="2025-04-29 23:39:35" level=info msg=secret
time="2025-04-29 23:39:35" level=info msg=host
time="2025-04-29 23:39:35" level=info msg="Try connect to pg:postgres://postgres:postgres@localhost:5432/datatask?sslmode=disable"
time="2025-04-29 23:39:35" level=info msg="set up swagger" base_path=/api/v1 version=1
time="2025-04-29 23:39:35" level=info msg="running app" host= port=8080
time="2025-04-29 23:39:37" level=error msg="400 POST /api/v1/auth/login"
time="2025-04-29 23:39:39" level=error msg="400 POST /api/v1/auth/login"
time="2025-04-29 23:40:20" level=info msg="Starting DataTask"
time="2025-04-29 23:40:20" level=info msg=secret
time="2025-04-29 23:40:20" level=info msg=host
time="2025-04-29 23:40:20" level=info msg="Try connect to pg:postgres://postgres:postgres@localhost:5432/datatask?sslmode=disable"
time="2025-04-29 23:40:20" level=info msg="set up swagger" base_path=/api/v1 version=1
time="2025-04-29 23:40:20" level=info msg="running app" host= port=8080
time="2025-04-29 23:40:21" level=error msg="400 POST /api/v1/auth/login"
time="2025-04-29 23:40:33" level=info msg="Starting DataTask"
time="2025-04-29 23:40:33" level=info msg=secret
time="2025-04-29 23:40:33" level=info msg=host
time="2025-04-29 23:40:33" level=info msg="Try connect to pg:postgres://postgres:postgres@localhost:5432/datatask?sslmode=disable"
time="2025-04-29 23:40:33" level=info msg="set up swagger" base_path=/api/v1 version=1
time="2025-04-29 23:40:33" level=info msg="running app" host= port=8080
time="2025-04-29 23:40:34" level=error msg="400 POST /api/v1/auth/login"
time="2025-04-29 23:40:43" level=info msg="Starting DataTask"
time="2025-04-29 23:40:43" level=info msg=secret
time="2025-04-29 23:40:43" level=info msg=host
time="2025-04-29 23:40:43" level=info msg="Try connect to pg:postgres://postgres:postgres@localhost:5432/datatask?sslmode=disable"
time="2025-04-29 23:40:43" level=info msg="set up swagger" base_path=/api/v1 version=1
time="2025-04-29 23:40:43" level=info msg="running app" host= port=8080
time="2025-04-29 23:40:44" level=error msg="400 POST /api/v1/auth/login"
time="2025-04-29 23:42:27" level=info msg="Starting DataTask"
time="2025-04-29 23:42:27" level=info msg=secret
time="2025-04-29 23:42:27" level=info msg=host
time="2025-04-29 23:42:27" level=info msg="Try connect to pg:postgres://postgres:postgres@localhost:5432/datatask?sslmode=disable"
time="2025-04-29 23:42:27" level=info msg="set up swagger" base_path=/api/v1 version=1
time="2025-04-29 23:42:27" level=info msg="running app" host= port=8080
time="2025-04-29 23:42:28" level=error msg="400 POST /api/v1/auth/login"
time="2025-04-29 23:42:48" level=info msg="Starting DataTask"
time="2025-04-29 23:42:48" level=info msg=secret
time="2025-04-29 23:42:48" level=info msg=host
time="2025-04-29 23:42:48" level=info msg="Try connect to pg:postgres://postgres:postgres@localhost:5432/datatask?sslmode=disable"
time="2025-04-29 23:42:48" level=info msg="set up swagger" base_path=/api/v1 version=1
time="2025-04-29 23:42:48" level=info msg="running app" host= port=8080
time="2025-04-29 23:42:49" level=error msg="400 POST /api/v1/auth/login"
time="2025-04-29 23:42:53" level=info msg="200 POST /api/v1/auth/login"
time="2025-04-29 23:46:06" level=info msg="Starting DataTask"
time="2025-04-29 23:46:06" level=info msg=secret
time="2025-04-29 23:46:06" level=info msg=host
time="2025-04-29 23:46:06" level=info msg="Try connect to pg:postgres://postgres:postgres@localhost:5432/datatask?sslmode=disable"
time="2025-04-29 23:46:06" level=info msg="set up swagger" base_path=/api/v1 version=1
time="2025-04-29 23:46:06" level=info msg="running app" host= port=8080
time="2025-04-29 23:46:22" level=error msg="400 POST /api/v1/users/me"
time="2025-04-29 23:46:27" level=error msg="400 POST /api/v1/users/me"
time="2025-04-29 23:46:37" level=info msg="200 POST /api/v1/auth/login"
time="2025-04-29 23:46:46" level=error msg="400 POST /api/v1/users/me"
time="2025-04-29 23:46:47" level=error msg="400 POST /api/v1/users/me"
time="2025-04-29 23:46:48" level=error msg="400 POST /api/v1/users/me"
time="2025-04-29 23:48:07" level=info msg="Starting DataTask"
time="2025-04-29 23:48:07" level=info msg=secret
time="2025-04-29 23:48:07" level=info msg=host
time="2025-04-29 23:48:07" level=info msg="Try connect to pg:postgres://postgres:postgres@localhost:5432/datatask?sslmode=disable"
time="2025-04-29 23:48:07" level=info msg="set up swagger" base_path=/api/v1 version=1
time="2025-04-29 23:48:07" level=info msg="running app" host= port=8080
time="2025-04-29 23:48:36" level=info msg="Starting DataTask"
time="2025-04-29 23:48:36" level=info msg=secret
time="2025-04-29 23:48:36" level=info msg=host
time="2025-04-29 23:48:36" level=info msg="Try connect to pg:postgres://postgres:postgres@localhost:5432/datatask?sslmode=disable"
time="2025-04-29 23:48:36" level=info msg="set up swagger" base_path=/api/v1 version=1
time="2025-04-29 23:48:36" level=info msg="running app" host= port=8080
time="2025-04-29 23:48:37" level=error msg="400 POST /api/v1/users/me"
time="2025-04-29 23:49:41" level=info msg="Starting DataTask"
time="2025-04-29 23:49:41" level=info msg=secret
time="2025-04-29 23:49:41" level=info msg=host
time="2025-04-29 23:49:41" level=info msg="Try connect to pg:postgres://postgres:postgres@localhost:5432/datatask?sslmode=disable"
time="2025-04-29 23:49:41" level=info msg="set up swagger" base_path=/api/v1 version=1
time="2025-04-29 23:49:41" level=info msg="running app" host= port=8080
time="2025-04-29 23:49:43" level=error msg="401 POST /api/v1/users/me"
time="2025-04-29 23:49:49" level=info msg="200 POST /api/v1/auth/login"
time="2025-04-29 23:49:51" level=info msg="200 POST /api/v1/auth/login"
time="2025-04-29 23:49:58" level=error msg="401 POST /api/v1/users/me"
time="2025-04-29 23:49:59" level=error msg="401 POST /api/v1/users/me"
time="2025-04-29 23:50:29" level=info msg="Starting DataTask"
time="2025-04-29 23:50:29" level=info msg=secret
time="2025-04-29 23:50:29" level=info msg=host
time="2025-04-29 23:50:29" level=info msg="Try connect to pg:postgres://postgres:postgres@localhost:5432/datatask?sslmode=disable"
time="2025-04-29 23:50:29" level=info msg="set up swagger" base_path=/api/v1 version=1
time="2025-04-29 23:50:29" level=info msg="running app" host= port=8080
time="2025-04-29 23:50:31" level=info msg="200 POST /api/v1/auth/login"
time="2025-04-29 23:50:46" level=info msg="200 POST /api/v1/auth/login"
time="2025-04-29 23:50:52" level=error msg="401 POST /api/v1/users/me"
time="2025-04-29 23:55:04" level=info msg="Starting DataTask"
time="2025-04-29 23:55:04" level=info msg=secret
time="2025-04-29 23:55:04" level=info msg=host
time="2025-04-29 23:55:04" level=info msg="Try connect to pg:postgres://postgres:postgres@localhost:5432/datatask?sslmode=disable"
time="2025-04-29 23:55:04" level=info msg="set up swagger" base_path=/api/v1 version=1
time="2025-04-29 23:55:04" level=info msg="running app" host= port=8080
time="2025-04-29 23:55:05" level=error msg="400 POST /api/v1/users/me"
time="2025-04-29 23:56:15" level=info msg="Starting DataTask"
time="2025-04-29 23:56:15" level=info msg=secret
time="2025-04-29 23:56:15" level=info msg=host
time="2025-04-29 23:56:15" level=info msg="Try connect to pg:postgres://postgres:postgres@localhost:5432/datatask?sslmode=disable"
time="2025-04-29 23:56:16" level=info msg="set up swagger" base_path=/api/v1 version=1
time="2025-04-29 23:56:16" level=info msg="running app" host= port=8080
time="2025-04-29 23:56:16" level=error msg="400 POST /api/v1/users/me"
time="2025-04-29 23:57:56" level=error msg="400 POST /api/v1/users/me"
time="2025-04-29 23:57:59" level=info msg="Starting DataTask"
time="2025-04-29 23:57:59" level=info msg=secret
time="2025-04-29 23:57:59" level=info msg=host
time="2025-04-29 23:57:59" level=info msg="Try connect to pg:postgres://postgres:postgres@localhost:5432/datatask?sslmode=disable"
time="2025-04-29 23:57:59" level=info msg="set up swagger" base_path=/api/v1 version=1
time="2025-04-29 23:57:59" level=info msg="running app" host= port=8080
time="2025-04-29 23:57:59" level=info msg="200 POST /api/v1/users/me"
