time="2025-05-19 21:04:42" level=info msg="Starting DataTask"
time="2025-05-19 21:04:42" level=info msg=secret
time="2025-05-19 21:04:42" level=info msg=host
time="2025-05-19 21:04:42" level=info msg="Try connect to pg:postgres://postgres:postgres@localhost:5432/datatask?sslmode=disable"
time="2025-05-19 21:04:42" level=warning msg="DB not ready (attempt 1/10), retrying in 2s..."
time="2025-05-19 21:04:44" level=warning msg="DB not ready (attempt 2/10), retrying in 2s..."
time="2025-05-19 21:04:46" level=warning msg="DB not ready (attempt 3/10), retrying in 2s..."
time="2025-05-19 21:04:56" level=info msg="Starting DataTask"
time="2025-05-19 21:04:56" level=info msg=secret
time="2025-05-19 21:04:56" level=info msg=host
time="2025-05-19 21:04:56" level=info msg="Try connect to pg:postgres://postgres:postgres@localhost:5432/datatask?sslmode=disable"
time="2025-05-19 21:04:56" level=info msg="set up swagger" base_path=/api/v1 version=1
time="2025-05-19 21:04:56" level=info msg="running app" host= port=8080
time="2025-05-19 21:05:13" level=info msg="Starting DataTask"
time="2025-05-19 21:05:13" level=info msg=secret
time="2025-05-19 21:05:13" level=info msg=host
time="2025-05-19 21:05:13" level=info msg="Try connect to pg:postgres://postgres:postgres@localhost:5432/datatask?sslmode=disable"
time="2025-05-19 21:05:13" level=info msg="set up swagger" base_path=/api/v1 version=1
time="2025-05-19 21:05:13" level=info msg="running app" host= port=8080
time="2025-05-19 21:20:44" level=info msg="Starting DataTask"
time="2025-05-19 21:20:44" level=info msg=secret
time="2025-05-19 21:20:44" level=info msg=host
time="2025-05-19 21:20:44" level=info msg="Try connect to pg:postgres://postgres:postgres@localhost:5432/datatask?sslmode=disable"
time="2025-05-19 21:20:44" level=info msg="set up swagger" base_path=/api/v1 version=1
time="2025-05-19 21:20:44" level=info msg="running app" host= port=8080
time="2025-05-19 21:22:08" level=error msg="400 POST /api/v1/auth/login"
time="2025-05-19 21:22:16" level=error msg="400 POST /api/v1/auth/login"
time="2025-05-19 21:22:39" level=error msg="400 POST /api/v1/auth/login"
time="2025-05-19 21:22:40" level=error msg="400 POST /api/v1/auth/login"
time="2025-05-19 21:22:44" level=error msg="400 POST /api/v1/auth/login"
time="2025-05-19 21:22:51" level=error msg="400 POST /api/v1/auth/login"
time="2025-05-19 21:23:09" level=error msg="400 POST /api/v1/auth/login"
time="2025-05-19 21:23:12" level=error msg="400 POST /api/v1/auth/login"
time="2025-05-19 21:23:12" level=error msg="400 POST /api/v1/auth/login"
time="2025-05-19 21:23:16" level=info msg="200 POST /api/v1/auth/login"
time="2025-05-19 21:23:16" level=info msg="200 GET /api/v1/user_projects/1"
time="2025-05-19 21:23:16" level=info msg="200 GET /api/v1/project_subprojects/2"
time="2025-05-19 21:23:16" level=info msg="200 GET /api/v1/user_projects/1"
time="2025-05-19 21:23:16" level=info msg="200 GET /api/v1/user_shared_projects/1"
time="2025-05-19 21:23:16" level=info msg="200 GET /api/v1/user_shared_projects/1"
time="2025-05-19 21:23:16" level=info msg="200 GET /api/v1/project_subprojects/2"
time="2025-05-19 21:23:16" level=info msg="200 GET /api/v1/kanban/project/2"
time="2025-05-19 21:23:16" level=info msg="200 GET /api/v1/kanban/project/2"
time="2025-05-19 21:23:16" level=info msg="200 GET /api/v1/kanban_tasks/3"
time="2025-05-19 21:23:16" level=info msg="200 GET /api/v1/kanban_tasks/3"
time="2025-05-19 21:23:16" level=info msg="200 GET /api/v1/kanban_tasks/4"
time="2025-05-19 21:23:16" level=info msg="200 GET /api/v1/kanban_tasks/4"
time="2025-05-19 21:23:16" level=info msg="200 GET /api/v1/project_users/2"
time="2025-05-19 21:23:16" level=info msg="200 GET /api/v1/project_users/2"
time="2025-05-19 21:23:16" level=info msg="200 GET /api/v1/user/1/tasks"
time="2025-05-19 21:23:16" level=info msg="200 GET /api/v1/user/1/tasks"
time="2025-05-19 21:23:22" level=info msg="200 GET /api/v1/user_projects/0"
time="2025-05-19 21:23:22" level=info msg="200 GET /api/v1/user_shared_projects/0"
time="2025-05-19 21:23:22" level=info msg="200 GET /api/v1/user_projects/0"
time="2025-05-19 21:23:22" level=info msg="200 GET /api/v1/user_shared_projects/0"
time="2025-05-19 21:23:23" level=info msg="200 GET /api/v1/user_projects/0"
time="2025-05-19 21:23:23" level=info msg="200 GET /api/v1/user_shared_projects/0"
time="2025-05-19 21:23:23" level=info msg="200 GET /api/v1/user_projects/0"
time="2025-05-19 21:23:23" level=info msg="200 GET /api/v1/user_shared_projects/0"
time="2025-05-19 21:24:50" level=error msg="400 POST /api/v1/user/create"
time="2025-05-19 21:24:55" level=error msg="400 POST /api/v1/user/create"
time="2025-05-19 21:27:34" level=info msg="200 POST /api/v1/user/create"
time="2025-05-19 21:30:18" level=info msg="200 GET /api/v1/user_projects/0"
time="2025-05-19 21:30:18" level=info msg="200 GET /api/v1/user_shared_projects/0"
time="2025-05-19 21:30:18" level=info msg="200 GET /api/v1/user_projects/0"
time="2025-05-19 21:30:18" level=info msg="200 GET /api/v1/user_shared_projects/0"
time="2025-05-19 21:31:48" level=info msg="200 GET /api/v1/user_shared_projects/0"
time="2025-05-19 21:31:48" level=info msg="200 GET /api/v1/user_shared_projects/0"
time="2025-05-19 21:31:48" level=info msg="200 GET /api/v1/user_projects/0"
time="2025-05-19 21:31:48" level=info msg="200 GET /api/v1/user_projects/0"
time="2025-05-19 21:32:09" level=info msg="200 GET /api/v1/user_projects/0"
time="2025-05-19 21:32:09" level=info msg="200 GET /api/v1/user_projects/0"
time="2025-05-19 21:32:09" level=info msg="200 GET /api/v1/user_shared_projects/0"
time="2025-05-19 21:32:09" level=info msg="200 GET /api/v1/user_shared_projects/0"
time="2025-05-19 21:33:22" level=error msg="400 POST /api/v1/auth/login"
time="2025-05-19 21:33:25" level=error msg="400 POST /api/v1/auth/login"
time="2025-05-19 21:33:32" level=error msg="400 POST /api/v1/auth/login"
time="2025-05-19 21:33:47" level=info msg="200 GET /api/v1/user_shared_projects/0"
time="2025-05-19 21:33:47" level=info msg="200 GET /api/v1/user_projects/0"
time="2025-05-19 21:33:47" level=info msg="200 GET /api/v1/user_projects/0"
time="2025-05-19 21:33:47" level=info msg="200 GET /api/v1/user_shared_projects/0"
time="2025-05-19 21:33:52" level=error msg="400 POST /api/v1/user/create"
time="2025-05-19 21:33:59" level=info msg="200 POST /api/v1/user/create"
time="2025-05-19 21:33:59" level=info msg="200 GET /api/v1/user_shared_projects/0"
time="2025-05-19 21:33:59" level=info msg="200 GET /api/v1/user_projects/0"
time="2025-05-19 21:33:59" level=info msg="200 GET /api/v1/user_shared_projects/0"
time="2025-05-19 21:33:59" level=info msg="200 GET /api/v1/user_projects/0"
time="2025-05-19 21:34:44" level=error msg="400 POST /api/v1/user/create"
time="2025-05-19 21:34:55" level=info msg="200 POST /api/v1/user/create"
time="2025-05-19 21:34:56" level=info msg="200 GET /api/v1/user_projects/0"
time="2025-05-19 21:34:56" level=info msg="200 GET /api/v1/user_shared_projects/0"
time="2025-05-19 21:34:56" level=info msg="200 GET /api/v1/user_projects/0"
time="2025-05-19 21:34:56" level=info msg="200 GET /api/v1/user_shared_projects/0"
time="2025-05-19 21:35:24" level=error msg="400 POST /api/v1/user/create"
time="2025-05-19 21:35:30" level=info msg="200 POST /api/v1/user/create"
time="2025-05-19 21:35:30" level=info msg="200 GET /api/v1/user_projects/0"
time="2025-05-19 21:35:30" level=info msg="200 GET /api/v1/user_projects/0"
time="2025-05-19 21:35:30" level=info msg="200 GET /api/v1/user_shared_projects/0"
time="2025-05-19 21:35:30" level=info msg="200 GET /api/v1/user_shared_projects/0"
time="2025-05-19 21:35:47" level=info msg="200 GET /api/v1/user_shared_projects/0"
time="2025-05-19 21:35:47" level=info msg="200 GET /api/v1/user_projects/0"
time="2025-05-19 21:35:47" level=info msg="200 GET /api/v1/user_projects/0"
time="2025-05-19 21:35:47" level=info msg="200 GET /api/v1/user_shared_projects/0"
time="2025-05-19 21:36:29" level=info msg="200 GET /api/v1/user_projects/0"
time="2025-05-19 21:36:29" level=info msg="200 GET /api/v1/user_shared_projects/0"
time="2025-05-19 21:36:29" level=info msg="200 GET /api/v1/user_projects/0"
time="2025-05-19 21:36:29" level=info msg="200 GET /api/v1/user_shared_projects/0"
time="2025-05-19 21:36:48" level=info msg="200 POST /api/v1/user/create"
time="2025-05-19 21:36:48" level=info msg="200 GET /api/v1/user_projects/0"
time="2025-05-19 21:36:48" level=info msg="200 GET /api/v1/user_shared_projects/0"
time="2025-05-19 21:36:48" level=info msg="200 GET /api/v1/user_projects/0"
time="2025-05-19 21:36:48" level=info msg="200 GET /api/v1/user_shared_projects/0"
time="2025-05-19 21:36:59" level=info msg="200 GET /api/v1/user_projects/0"
time="2025-05-19 21:36:59" level=info msg="200 GET /api/v1/user_shared_projects/0"
time="2025-05-19 21:36:59" level=info msg="200 GET /api/v1/user_shared_projects/0"
time="2025-05-19 21:36:59" level=info msg="200 GET /api/v1/user_projects/0"
time="2025-05-19 21:37:47" level=info msg="200 GET /api/v1/user_shared_projects/0"
time="2025-05-19 21:37:47" level=info msg="200 GET /api/v1/user_shared_projects/0"
time="2025-05-19 21:37:47" level=info msg="200 GET /api/v1/user_projects/0"
time="2025-05-19 21:37:47" level=info msg="200 GET /api/v1/user_projects/0"
time="2025-05-19 21:37:55" level=info msg="200 POST /api/v1/user/create"
time="2025-05-19 21:38:35" level=error msg="400 POST /api/v1/user/create"
time="2025-05-19 21:38:39" level=info msg="200 POST /api/v1/user/create"
time="2025-05-19 21:39:10" level=info msg="200 POST /api/v1/user/create"
time="2025-05-19 21:39:10" level=info msg="200 GET /api/v1/user_projects/0"
time="2025-05-19 21:39:10" level=info msg="200 GET /api/v1/user_shared_projects/0"
time="2025-05-19 21:39:10" level=info msg="200 GET /api/v1/user_projects/0"
time="2025-05-19 21:39:10" level=info msg="200 GET /api/v1/user_shared_projects/0"
time="2025-05-19 21:39:10" level=info msg="200 GET /api/v1/user/0/tasks"
time="2025-05-19 21:39:10" level=info msg="200 GET /api/v1/user/0/tasks"
time="2025-05-19 21:39:26" level=info msg="200 GET /api/v1/user_projects/0"
time="2025-05-19 21:39:26" level=info msg="200 GET /api/v1/user_shared_projects/0"
time="2025-05-19 21:39:26" level=info msg="200 GET /api/v1/user_projects/0"
time="2025-05-19 21:39:26" level=info msg="200 GET /api/v1/user_shared_projects/0"
time="2025-05-19 21:39:26" level=info msg="200 GET /api/v1/user/0/tasks"
time="2025-05-19 21:39:26" level=info msg="200 GET /api/v1/user/0/tasks"
time="2025-05-19 21:40:09" level=info msg="200 GET /api/v1/user_projects/0"
time="2025-05-19 21:40:09" level=info msg="200 GET /api/v1/user_shared_projects/0"
time="2025-05-19 21:40:09" level=info msg="200 GET /api/v1/user_projects/0"
time="2025-05-19 21:40:09" level=info msg="200 GET /api/v1/user/0/tasks"
time="2025-05-19 21:40:09" level=info msg="200 GET /api/v1/user/0/tasks"
time="2025-05-19 21:40:09" level=info msg="200 GET /api/v1/user_shared_projects/0"
time="2025-05-19 21:42:20" level=info msg="200 GET /api/v1/user_projects/0"
time="2025-05-19 21:42:20" level=info msg="200 GET /api/v1/user_shared_projects/0"
time="2025-05-19 21:42:20" level=info msg="200 GET /api/v1/user_projects/0"
time="2025-05-19 21:42:20" level=info msg="200 GET /api/v1/user_shared_projects/0"
time="2025-05-19 21:42:20" level=info msg="200 GET /api/v1/user/0/tasks"
time="2025-05-19 21:42:20" level=info msg="200 GET /api/v1/user/0/tasks"
time="2025-05-19 21:44:39" level=info msg="200 GET /api/v1/user/0/tasks"
time="2025-05-19 21:44:39" level=info msg="200 GET /api/v1/user/0/tasks"
time="2025-05-19 21:44:41" level=info msg="200 GET /api/v1/user/0/tasks"
time="2025-05-19 21:44:41" level=info msg="200 GET /api/v1/user/0/tasks"
time="2025-05-19 21:44:45" level=info msg="200 GET /api/v1/user/0/tasks"
time="2025-05-19 21:44:45" level=info msg="200 GET /api/v1/user/0/tasks"
time="2025-05-19 21:44:48" level=info msg="201 POST /api/v1/project/"
time="2025-05-19 21:44:48" level=info msg="200 GET /api/v1/user_projects/0"
time="2025-05-19 21:44:48" level=info msg="200 GET /api/v1/user_shared_projects/0"
time="2025-05-19 21:44:48" level=info msg="200 GET /api/v1/user_shared_projects/0"
time="2025-05-19 21:44:48" level=info msg="200 GET /api/v1/user/0/tasks"
time="2025-05-19 21:44:48" level=info msg="200 GET /api/v1/user/0/tasks"
time="2025-05-19 21:44:48" level=info msg="200 GET /api/v1/user_projects/0"
time="2025-05-19 21:44:50" level=info msg="200 GET /api/v1/user_projects/0"
time="2025-05-19 21:44:50" level=info msg="200 GET /api/v1/user_shared_projects/0"
time="2025-05-19 21:44:50" level=info msg="200 GET /api/v1/user_shared_projects/0"
time="2025-05-19 21:44:50" level=info msg="200 GET /api/v1/user_projects/0"
time="2025-05-19 21:44:50" level=info msg="200 GET /api/v1/user/0/tasks"
time="2025-05-19 21:44:50" level=info msg="200 GET /api/v1/user/0/tasks"
time="2025-05-19 21:44:51" level=info msg="200 GET /api/v1/user/0/tasks"
time="2025-05-19 21:44:51" level=info msg="200 GET /api/v1/user/0/tasks"
time="2025-05-19 21:44:55" level=info msg="201 POST /api/v1/project/"
time="2025-05-19 21:44:55" level=info msg="200 GET /api/v1/user_projects/0"
time="2025-05-19 21:44:55" level=info msg="200 GET /api/v1/user_shared_projects/0"
time="2025-05-19 21:44:55" level=info msg="200 GET /api/v1/user_projects/0"
time="2025-05-19 21:44:55" level=info msg="200 GET /api/v1/user_shared_projects/0"
time="2025-05-19 21:44:55" level=info msg="200 GET /api/v1/user/0/tasks"
time="2025-05-19 21:44:55" level=info msg="200 GET /api/v1/user/0/tasks"
time="2025-05-19 21:44:56" level=info msg="200 GET /api/v1/user_projects/0"
time="2025-05-19 21:44:56" level=info msg="200 GET /api/v1/user_shared_projects/0"
time="2025-05-19 21:44:56" level=info msg="200 GET /api/v1/user_projects/0"
time="2025-05-19 21:44:56" level=info msg="200 GET /api/v1/user_shared_projects/0"
time="2025-05-19 21:44:56" level=info msg="200 GET /api/v1/user/0/tasks"
time="2025-05-19 21:44:56" level=info msg="200 GET /api/v1/user/0/tasks"
time="2025-05-19 21:45:02" level=info msg="200 GET /api/v1/user/0/tasks"
time="2025-05-19 21:45:02" level=info msg="200 GET /api/v1/user/0/tasks"
time="2025-05-19 21:45:03" level=info msg="201 POST /api/v1/project/"
time="2025-05-19 21:45:04" level=info msg="200 GET /api/v1/user_projects/0"
time="2025-05-19 21:45:04" level=info msg="200 GET /api/v1/user_shared_projects/0"
time="2025-05-19 21:45:04" level=info msg="200 GET /api/v1/user_projects/0"
time="2025-05-19 21:45:04" level=info msg="200 GET /api/v1/user_shared_projects/0"
time="2025-05-19 21:45:04" level=info msg="200 GET /api/v1/user/0/tasks"
time="2025-05-19 21:45:04" level=info msg="200 GET /api/v1/user/0/tasks"
time="2025-05-19 21:45:26" level=info msg="200 GET /api/v1/user_shared_projects/0"
time="2025-05-19 21:45:26" level=info msg="200 GET /api/v1/user_projects/0"
time="2025-05-19 21:45:26" level=info msg="200 GET /api/v1/user_projects/0"
time="2025-05-19 21:45:26" level=info msg="200 GET /api/v1/user_shared_projects/0"
